<?xml version="1.0" encoding="UTF-8"?>
<!-- Generated by org.testng.reporters.JUnitXMLReporter -->
<testsuite ignored="6" hostname="DESKTOP-PPED12M" failures="0" tests="4" name="Test" time="5.604" errors="0" timestamp="2024-03-17T15:29:59 IST">
  <testcase classname="com.Rigbot_Genarics.BaseClass" name="@BeforeClass openbrowser" time="2.402">
    <failure type="org.openqa.selenium.SessionNotCreatedException" message="session not created: This version of ChromeDriver only supports Chrome version 120
Current browser version is 122.0.6261.129 with binary path C:\Program Files\Google\Chrome\Application\chrome.exe
Build info: version: &amp;apos;3.141.59&amp;apos;, revision: &amp;apos;e82be7d358&amp;apos;, time: &amp;apos;2018-11-14T08:17:03&amp;apos;
System info: host: &amp;apos;DESKTOP-PPED12M&amp;apos;, ip: &amp;apos;192.168.0.132&amp;apos;, os.name: &amp;apos;Windows 11&amp;apos;, os.arch: &amp;apos;amd64&amp;apos;, os.version: &amp;apos;10.0&amp;apos;, java.version: &amp;apos;17.0.9&amp;apos;
Driver info: driver.version: ChromeDriver
remote stacktrace: 	GetHandleVerifier [0x00007FF734FC2142+3514994]
	(No symbol) [0x00007FF734BE0CE2]
	(No symbol) [0x00007FF734A876AA]
	(No symbol) [0x00007FF734AC17E2]
	(No symbol) [0x00007FF734AC0ADD]
	(No symbol) [0x00007FF734ABB9DF]
	(No symbol) [0x00007FF734AB7F52]
	(No symbol) [0x00007FF734B00AB4]
	(No symbol) [0x00007FF734AF5D93]
	(No symbol) [0x00007FF734AC4BDC]
	(No symbol) [0x00007FF734AC5C64]
	GetHandleVerifier [0x00007FF734FEE16B+3695259]
	GetHandleVerifier [0x00007FF735046737+4057191]
	GetHandleVerifier [0x00007FF73503E4E3+4023827]
	GetHandleVerifier [0x00007FF734D104F9+689705]
	(No symbol) [0x00007FF734BEC048]
	(No symbol) [0x00007FF734BE8044]
	(No symbol) [0x00007FF734BE81C9]
	(No symbol) [0x00007FF734BD88C4]
	BaseThreadInitThunk [0x00007FFD9E77257D+29]
	RtlUserThreadStart [0x00007FFDA048AA58+40]
">
      <![CDATA[org.openqa.selenium.SessionNotCreatedException: session not created: This version of ChromeDriver only supports Chrome version 120
Current browser version is 122.0.6261.129 with binary path C:\Program Files\Google\Chrome\Application\chrome.exe
Build info: version: '3.141.59', revision: 'e82be7d358', time: '2018-11-14T08:17:03'
System info: host: 'DESKTOP-PPED12M', ip: '192.168.0.132', os.name: 'Windows 11', os.arch: 'amd64', os.version: '10.0', java.version: '17.0.9'
Driver info: driver.version: ChromeDriver
remote stacktrace: GetHandleVerifier [0x00007FF734FC2142+3514994]
(No symbol) [0x00007FF734BE0CE2]
(No symbol) [0x00007FF734A876AA]
(No symbol) [0x00007FF734AC17E2]
(No symbol) [0x00007FF734AC0ADD]
(No symbol) [0x00007FF734ABB9DF]
(No symbol) [0x00007FF734AB7F52]
(No symbol) [0x00007FF734B00AB4]
(No symbol) [0x00007FF734AF5D93]
(No symbol) [0x00007FF734AC4BDC]
(No symbol) [0x00007FF734AC5C64]
GetHandleVerifier [0x00007FF734FEE16B+3695259]
GetHandleVerifier [0x00007FF735046737+4057191]
GetHandleVerifier [0x00007FF73503E4E3+4023827]
GetHandleVerifier [0x00007FF734D104F9+689705]
(No symbol) [0x00007FF734BEC048]
(No symbol) [0x00007FF734BE8044]
(No symbol) [0x00007FF734BE81C9]
(No symbol) [0x00007FF734BD88C4]
BaseThreadInitThunk [0x00007FFD9E77257D+29]
RtlUserThreadStart [0x00007FFDA048AA58+40]

at org.openqa.selenium.remote.W3CHandshakeResponse.lambda$errorHandler$0(W3CHandshakeResponse.java:62)
at org.openqa.selenium.remote.HandshakeResponse.lambda$getResponseFunction$0(HandshakeResponse.java:30)
at org.openqa.selenium.remote.ProtocolHandshake.lambda$createSession$0(ProtocolHandshake.java:126)
at java.base/java.util.stream.ReferencePipeline$3$1.accept(ReferencePipeline.java:197)
at java.base/java.util.Spliterators$ArraySpliterator.tryAdvance(Spliterators.java:1002)
at java.base/java.util.stream.ReferencePipeline.forEachWithCancel(ReferencePipeline.java:129)
at java.base/java.util.stream.AbstractPipeline.copyIntoWithCancel(AbstractPipeline.java:527)
at java.base/java.util.stream.AbstractPipeline.copyInto(AbstractPipeline.java:513)
at java.base/java.util.stream.AbstractPipeline.wrapAndCopyInto(AbstractPipeline.java:499)
at java.base/java.util.stream.FindOps$FindOp.evaluateSequential(FindOps.java:150)
at java.base/java.util.stream.AbstractPipeline.evaluate(AbstractPipeline.java:234)
at java.base/java.util.stream.ReferencePipeline.findFirst(ReferencePipeline.java:647)
at org.openqa.selenium.remote.ProtocolHandshake.createSession(ProtocolHandshake.java:128)
at org.openqa.selenium.remote.ProtocolHandshake.createSession(ProtocolHandshake.java:74)
at org.openqa.selenium.remote.HttpCommandExecutor.execute(HttpCommandExecutor.java:136)
at org.openqa.selenium.remote.service.DriverCommandExecutor.execute(DriverCommandExecutor.java:83)
at org.openqa.selenium.remote.RemoteWebDriver.execute(RemoteWebDriver.java:552)
at org.openqa.selenium.remote.RemoteWebDriver.startSession(RemoteWebDriver.java:213)
at org.openqa.selenium.remote.RemoteWebDriver.<init>(RemoteWebDriver.java:131)
at org.openqa.selenium.chrome.ChromeDriver.<init>(ChromeDriver.java:181)
at org.openqa.selenium.chrome.ChromeDriver.<init>(ChromeDriver.java:168)
at org.openqa.selenium.chrome.ChromeDriver.<init>(ChromeDriver.java:123)
at com.Rigbot_Genarics.BaseClass.openbrowser(BaseClass.java:42)
at java.base/java.util.ArrayList.forEach(ArrayList.java:1511)
... Removed 30 stack frames]]>
    </failure>
  </testcase> <!-- @BeforeClass openbrowser -->
  <testcase classname="com.Rigbot_Genarics.BaseClass" name="@BeforeMethod login" time="-1.710669596695E9">
    <skipped/>
  </testcase> <!-- @BeforeMethod login -->
  <testcase classname="com.Rigbot_Genarics.BaseClass" name="@AfterMethod logout" time="-1.71066959671E9">
    <skipped/>
  </testcase> <!-- @AfterMethod logout -->
  <testcase classname="com.Rigbot_Genarics.BaseClass" name="@AfterClass closeapp" time="-1.710669596713E9">
    <skipped/>
  </testcase> <!-- @AfterClass closeapp -->
  <testcase classname="com.Rigbot_Genarics.BaseClass" name="@BeforeClass openbrowser" time="0.853">
    <failure type="org.openqa.selenium.SessionNotCreatedException" message="session not created: This version of ChromeDriver only supports Chrome version 120
Current browser version is 122.0.6261.129 with binary path C:\Program Files\Google\Chrome\Application\chrome.exe
Build info: version: &amp;apos;3.141.59&amp;apos;, revision: &amp;apos;e82be7d358&amp;apos;, time: &amp;apos;2018-11-14T08:17:03&amp;apos;
System info: host: &amp;apos;DESKTOP-PPED12M&amp;apos;, ip: &amp;apos;192.168.0.132&amp;apos;, os.name: &amp;apos;Windows 11&amp;apos;, os.arch: &amp;apos;amd64&amp;apos;, os.version: &amp;apos;10.0&amp;apos;, java.version: &amp;apos;17.0.9&amp;apos;
Driver info: driver.version: ChromeDriver
remote stacktrace: 	GetHandleVerifier [0x00007FF734FC2142+3514994]
	(No symbol) [0x00007FF734BE0CE2]
	(No symbol) [0x00007FF734A876AA]
	(No symbol) [0x00007FF734AC17E2]
	(No symbol) [0x00007FF734AC0ADD]
	(No symbol) [0x00007FF734ABB9DF]
	(No symbol) [0x00007FF734AB7F52]
	(No symbol) [0x00007FF734B00AB4]
	(No symbol) [0x00007FF734AF5D93]
	(No symbol) [0x00007FF734AC4BDC]
	(No symbol) [0x00007FF734AC5C64]
	GetHandleVerifier [0x00007FF734FEE16B+3695259]
	GetHandleVerifier [0x00007FF735046737+4057191]
	GetHandleVerifier [0x00007FF73503E4E3+4023827]
	GetHandleVerifier [0x00007FF734D104F9+689705]
	(No symbol) [0x00007FF734BEC048]
	(No symbol) [0x00007FF734BE8044]
	(No symbol) [0x00007FF734BE81C9]
	(No symbol) [0x00007FF734BD88C4]
	BaseThreadInitThunk [0x00007FFD9E77257D+29]
	RtlUserThreadStart [0x00007FFDA048AA58+40]
">
      <![CDATA[org.openqa.selenium.SessionNotCreatedException: session not created: This version of ChromeDriver only supports Chrome version 120
Current browser version is 122.0.6261.129 with binary path C:\Program Files\Google\Chrome\Application\chrome.exe
Build info: version: '3.141.59', revision: 'e82be7d358', time: '2018-11-14T08:17:03'
System info: host: 'DESKTOP-PPED12M', ip: '192.168.0.132', os.name: 'Windows 11', os.arch: 'amd64', os.version: '10.0', java.version: '17.0.9'
Driver info: driver.version: ChromeDriver
remote stacktrace: GetHandleVerifier [0x00007FF734FC2142+3514994]
(No symbol) [0x00007FF734BE0CE2]
(No symbol) [0x00007FF734A876AA]
(No symbol) [0x00007FF734AC17E2]
(No symbol) [0x00007FF734AC0ADD]
(No symbol) [0x00007FF734ABB9DF]
(No symbol) [0x00007FF734AB7F52]
(No symbol) [0x00007FF734B00AB4]
(No symbol) [0x00007FF734AF5D93]
(No symbol) [0x00007FF734AC4BDC]
(No symbol) [0x00007FF734AC5C64]
GetHandleVerifier [0x00007FF734FEE16B+3695259]
GetHandleVerifier [0x00007FF735046737+4057191]
GetHandleVerifier [0x00007FF73503E4E3+4023827]
GetHandleVerifier [0x00007FF734D104F9+689705]
(No symbol) [0x00007FF734BEC048]
(No symbol) [0x00007FF734BE8044]
(No symbol) [0x00007FF734BE81C9]
(No symbol) [0x00007FF734BD88C4]
BaseThreadInitThunk [0x00007FFD9E77257D+29]
RtlUserThreadStart [0x00007FFDA048AA58+40]

at org.openqa.selenium.remote.W3CHandshakeResponse.lambda$errorHandler$0(W3CHandshakeResponse.java:62)
at org.openqa.selenium.remote.HandshakeResponse.lambda$getResponseFunction$0(HandshakeResponse.java:30)
at org.openqa.selenium.remote.ProtocolHandshake.lambda$createSession$0(ProtocolHandshake.java:126)
at java.base/java.util.stream.ReferencePipeline$3$1.accept(ReferencePipeline.java:197)
at java.base/java.util.Spliterators$ArraySpliterator.tryAdvance(Spliterators.java:1002)
at java.base/java.util.stream.ReferencePipeline.forEachWithCancel(ReferencePipeline.java:129)
at java.base/java.util.stream.AbstractPipeline.copyIntoWithCancel(AbstractPipeline.java:527)
at java.base/java.util.stream.AbstractPipeline.copyInto(AbstractPipeline.java:513)
at java.base/java.util.stream.AbstractPipeline.wrapAndCopyInto(AbstractPipeline.java:499)
at java.base/java.util.stream.FindOps$FindOp.evaluateSequential(FindOps.java:150)
at java.base/java.util.stream.AbstractPipeline.evaluate(AbstractPipeline.java:234)
at java.base/java.util.stream.ReferencePipeline.findFirst(ReferencePipeline.java:647)
at org.openqa.selenium.remote.ProtocolHandshake.createSession(ProtocolHandshake.java:128)
at org.openqa.selenium.remote.ProtocolHandshake.createSession(ProtocolHandshake.java:74)
at org.openqa.selenium.remote.HttpCommandExecutor.execute(HttpCommandExecutor.java:136)
at org.openqa.selenium.remote.service.DriverCommandExecutor.execute(DriverCommandExecutor.java:83)
at org.openqa.selenium.remote.RemoteWebDriver.execute(RemoteWebDriver.java:552)
at org.openqa.selenium.remote.RemoteWebDriver.startSession(RemoteWebDriver.java:213)
at org.openqa.selenium.remote.RemoteWebDriver.<init>(RemoteWebDriver.java:131)
at org.openqa.selenium.chrome.ChromeDriver.<init>(ChromeDriver.java:181)
at org.openqa.selenium.chrome.ChromeDriver.<init>(ChromeDriver.java:168)
at org.openqa.selenium.chrome.ChromeDriver.<init>(ChromeDriver.java:123)
at com.Rigbot_Genarics.BaseClass.openbrowser(BaseClass.java:42)
at java.base/java.util.ArrayList.forEach(ArrayList.java:1511)
... Removed 30 stack frames]]>
    </failure>
  </testcase> <!-- @BeforeClass openbrowser -->
  <testcase classname="com.Rigbot_Genarics.BaseClass" name="@BeforeMethod login" time="-1.710669597575E9">
    <skipped/>
  </testcase> <!-- @BeforeMethod login -->
  <testcase classname="com.Rigbot_Genarics.BaseClass" name="@AfterMethod logout" time="-1.710669597582E9">
    <skipped/>
  </testcase> <!-- @AfterMethod logout -->
  <testcase classname="com.Rigbot_Genarics.BaseClass" name="@AfterClass closeapp" time="-1.710669597584E9">
    <skipped/>
  </testcase> <!-- @AfterClass closeapp -->
  <testcase classname="com.Rigbot_Genarics.BaseClass" name="@BeforeClass openbrowser" time="0.79">
    <failure type="org.openqa.selenium.SessionNotCreatedException" message="session not created: This version of ChromeDriver only supports Chrome version 120
Current browser version is 122.0.6261.129 with binary path C:\Program Files\Google\Chrome\Application\chrome.exe
Build info: version: &amp;apos;3.141.59&amp;apos;, revision: &amp;apos;e82be7d358&amp;apos;, time: &amp;apos;2018-11-14T08:17:03&amp;apos;
System info: host: &amp;apos;DESKTOP-PPED12M&amp;apos;, ip: &amp;apos;192.168.0.132&amp;apos;, os.name: &amp;apos;Windows 11&amp;apos;, os.arch: &amp;apos;amd64&amp;apos;, os.version: &amp;apos;10.0&amp;apos;, java.version: &amp;apos;17.0.9&amp;apos;
Driver info: driver.version: ChromeDriver
remote stacktrace: 	GetHandleVerifier [0x00007FF734FC2142+3514994]
	(No symbol) [0x00007FF734BE0CE2]
	(No symbol) [0x00007FF734A876AA]
	(No symbol) [0x00007FF734AC17E2]
	(No symbol) [0x00007FF734AC0ADD]
	(No symbol) [0x00007FF734ABB9DF]
	(No symbol) [0x00007FF734AB7F52]
	(No symbol) [0x00007FF734B00AB4]
	(No symbol) [0x00007FF734AF5D93]
	(No symbol) [0x00007FF734AC4BDC]
	(No symbol) [0x00007FF734AC5C64]
	GetHandleVerifier [0x00007FF734FEE16B+3695259]
	GetHandleVerifier [0x00007FF735046737+4057191]
	GetHandleVerifier [0x00007FF73503E4E3+4023827]
	GetHandleVerifier [0x00007FF734D104F9+689705]
	(No symbol) [0x00007FF734BEC048]
	(No symbol) [0x00007FF734BE8044]
	(No symbol) [0x00007FF734BE81C9]
	(No symbol) [0x00007FF734BD88C4]
	BaseThreadInitThunk [0x00007FFD9E77257D+29]
	RtlUserThreadStart [0x00007FFDA048AA58+40]
">
      <![CDATA[org.openqa.selenium.SessionNotCreatedException: session not created: This version of ChromeDriver only supports Chrome version 120
Current browser version is 122.0.6261.129 with binary path C:\Program Files\Google\Chrome\Application\chrome.exe
Build info: version: '3.141.59', revision: 'e82be7d358', time: '2018-11-14T08:17:03'
System info: host: 'DESKTOP-PPED12M', ip: '192.168.0.132', os.name: 'Windows 11', os.arch: 'amd64', os.version: '10.0', java.version: '17.0.9'
Driver info: driver.version: ChromeDriver
remote stacktrace: GetHandleVerifier [0x00007FF734FC2142+3514994]
(No symbol) [0x00007FF734BE0CE2]
(No symbol) [0x00007FF734A876AA]
(No symbol) [0x00007FF734AC17E2]
(No symbol) [0x00007FF734AC0ADD]
(No symbol) [0x00007FF734ABB9DF]
(No symbol) [0x00007FF734AB7F52]
(No symbol) [0x00007FF734B00AB4]
(No symbol) [0x00007FF734AF5D93]
(No symbol) [0x00007FF734AC4BDC]
(No symbol) [0x00007FF734AC5C64]
GetHandleVerifier [0x00007FF734FEE16B+3695259]
GetHandleVerifier [0x00007FF735046737+4057191]
GetHandleVerifier [0x00007FF73503E4E3+4023827]
GetHandleVerifier [0x00007FF734D104F9+689705]
(No symbol) [0x00007FF734BEC048]
(No symbol) [0x00007FF734BE8044]
(No symbol) [0x00007FF734BE81C9]
(No symbol) [0x00007FF734BD88C4]
BaseThreadInitThunk [0x00007FFD9E77257D+29]
RtlUserThreadStart [0x00007FFDA048AA58+40]

at org.openqa.selenium.remote.W3CHandshakeResponse.lambda$errorHandler$0(W3CHandshakeResponse.java:62)
at org.openqa.selenium.remote.HandshakeResponse.lambda$getResponseFunction$0(HandshakeResponse.java:30)
at org.openqa.selenium.remote.ProtocolHandshake.lambda$createSession$0(ProtocolHandshake.java:126)
at java.base/java.util.stream.ReferencePipeline$3$1.accept(ReferencePipeline.java:197)
at java.base/java.util.Spliterators$ArraySpliterator.tryAdvance(Spliterators.java:1002)
at java.base/java.util.stream.ReferencePipeline.forEachWithCancel(ReferencePipeline.java:129)
at java.base/java.util.stream.AbstractPipeline.copyIntoWithCancel(AbstractPipeline.java:527)
at java.base/java.util.stream.AbstractPipeline.copyInto(AbstractPipeline.java:513)
at java.base/java.util.stream.AbstractPipeline.wrapAndCopyInto(AbstractPipeline.java:499)
at java.base/java.util.stream.FindOps$FindOp.evaluateSequential(FindOps.java:150)
at java.base/java.util.stream.AbstractPipeline.evaluate(AbstractPipeline.java:234)
at java.base/java.util.stream.ReferencePipeline.findFirst(ReferencePipeline.java:647)
at org.openqa.selenium.remote.ProtocolHandshake.createSession(ProtocolHandshake.java:128)
at org.openqa.selenium.remote.ProtocolHandshake.createSession(ProtocolHandshake.java:74)
at org.openqa.selenium.remote.HttpCommandExecutor.execute(HttpCommandExecutor.java:136)
at org.openqa.selenium.remote.service.DriverCommandExecutor.execute(DriverCommandExecutor.java:83)
at org.openqa.selenium.remote.RemoteWebDriver.execute(RemoteWebDriver.java:552)
at org.openqa.selenium.remote.RemoteWebDriver.startSession(RemoteWebDriver.java:213)
at org.openqa.selenium.remote.RemoteWebDriver.<init>(RemoteWebDriver.java:131)
at org.openqa.selenium.chrome.ChromeDriver.<init>(ChromeDriver.java:181)
at org.openqa.selenium.chrome.ChromeDriver.<init>(ChromeDriver.java:168)
at org.openqa.selenium.chrome.ChromeDriver.<init>(ChromeDriver.java:123)
at com.Rigbot_Genarics.BaseClass.openbrowser(BaseClass.java:42)
at java.base/java.util.ArrayList.forEach(ArrayList.java:1511)
... Removed 30 stack frames]]>
    </failure>
  </testcase> <!-- @BeforeClass openbrowser -->
  <testcase classname="com.Rigbot_Genarics.BaseClass" name="@BeforeMethod login" time="-1.71066959838E9">
    <skipped/>
  </testcase> <!-- @BeforeMethod login -->
  <testcase classname="com.Rigbot_Genarics.BaseClass" name="@AfterMethod logout" time="-1.710669598388E9">
    <skipped/>
  </testcase> <!-- @AfterMethod logout -->
  <testcase classname="com.Rigbot_Genarics.BaseClass" name="@AfterClass closeapp" time="-1.710669598389E9">
    <skipped/>
  </testcase> <!-- @AfterClass closeapp -->
  <testcase classname="com.Rigbot_Genarics.BaseClass" name="@BeforeClass openbrowser" time="0.878">
    <failure type="org.openqa.selenium.SessionNotCreatedException" message="session not created: This version of ChromeDriver only supports Chrome version 120
Current browser version is 122.0.6261.129 with binary path C:\Program Files\Google\Chrome\Application\chrome.exe
Build info: version: &amp;apos;3.141.59&amp;apos;, revision: &amp;apos;e82be7d358&amp;apos;, time: &amp;apos;2018-11-14T08:17:03&amp;apos;
System info: host: &amp;apos;DESKTOP-PPED12M&amp;apos;, ip: &amp;apos;192.168.0.132&amp;apos;, os.name: &amp;apos;Windows 11&amp;apos;, os.arch: &amp;apos;amd64&amp;apos;, os.version: &amp;apos;10.0&amp;apos;, java.version: &amp;apos;17.0.9&amp;apos;
Driver info: driver.version: ChromeDriver
remote stacktrace: 	GetHandleVerifier [0x00007FF734FC2142+3514994]
	(No symbol) [0x00007FF734BE0CE2]
	(No symbol) [0x00007FF734A876AA]
	(No symbol) [0x00007FF734AC17E2]
	(No symbol) [0x00007FF734AC0ADD]
	(No symbol) [0x00007FF734ABB9DF]
	(No symbol) [0x00007FF734AB7F52]
	(No symbol) [0x00007FF734B00AB4]
	(No symbol) [0x00007FF734AF5D93]
	(No symbol) [0x00007FF734AC4BDC]
	(No symbol) [0x00007FF734AC5C64]
	GetHandleVerifier [0x00007FF734FEE16B+3695259]
	GetHandleVerifier [0x00007FF735046737+4057191]
	GetHandleVerifier [0x00007FF73503E4E3+4023827]
	GetHandleVerifier [0x00007FF734D104F9+689705]
	(No symbol) [0x00007FF734BEC048]
	(No symbol) [0x00007FF734BE8044]
	(No symbol) [0x00007FF734BE81C9]
	(No symbol) [0x00007FF734BD88C4]
	BaseThreadInitThunk [0x00007FFD9E77257D+29]
	RtlUserThreadStart [0x00007FFDA048AA58+40]
">
      <![CDATA[org.openqa.selenium.SessionNotCreatedException: session not created: This version of ChromeDriver only supports Chrome version 120
Current browser version is 122.0.6261.129 with binary path C:\Program Files\Google\Chrome\Application\chrome.exe
Build info: version: '3.141.59', revision: 'e82be7d358', time: '2018-11-14T08:17:03'
System info: host: 'DESKTOP-PPED12M', ip: '192.168.0.132', os.name: 'Windows 11', os.arch: 'amd64', os.version: '10.0', java.version: '17.0.9'
Driver info: driver.version: ChromeDriver
remote stacktrace: GetHandleVerifier [0x00007FF734FC2142+3514994]
(No symbol) [0x00007FF734BE0CE2]
(No symbol) [0x00007FF734A876AA]
(No symbol) [0x00007FF734AC17E2]
(No symbol) [0x00007FF734AC0ADD]
(No symbol) [0x00007FF734ABB9DF]
(No symbol) [0x00007FF734AB7F52]
(No symbol) [0x00007FF734B00AB4]
(No symbol) [0x00007FF734AF5D93]
(No symbol) [0x00007FF734AC4BDC]
(No symbol) [0x00007FF734AC5C64]
GetHandleVerifier [0x00007FF734FEE16B+3695259]
GetHandleVerifier [0x00007FF735046737+4057191]
GetHandleVerifier [0x00007FF73503E4E3+4023827]
GetHandleVerifier [0x00007FF734D104F9+689705]
(No symbol) [0x00007FF734BEC048]
(No symbol) [0x00007FF734BE8044]
(No symbol) [0x00007FF734BE81C9]
(No symbol) [0x00007FF734BD88C4]
BaseThreadInitThunk [0x00007FFD9E77257D+29]
RtlUserThreadStart [0x00007FFDA048AA58+40]

at org.openqa.selenium.remote.W3CHandshakeResponse.lambda$errorHandler$0(W3CHandshakeResponse.java:62)
at org.openqa.selenium.remote.HandshakeResponse.lambda$getResponseFunction$0(HandshakeResponse.java:30)
at org.openqa.selenium.remote.ProtocolHandshake.lambda$createSession$0(ProtocolHandshake.java:126)
at java.base/java.util.stream.ReferencePipeline$3$1.accept(ReferencePipeline.java:197)
at java.base/java.util.Spliterators$ArraySpliterator.tryAdvance(Spliterators.java:1002)
at java.base/java.util.stream.ReferencePipeline.forEachWithCancel(ReferencePipeline.java:129)
at java.base/java.util.stream.AbstractPipeline.copyIntoWithCancel(AbstractPipeline.java:527)
at java.base/java.util.stream.AbstractPipeline.copyInto(AbstractPipeline.java:513)
at java.base/java.util.stream.AbstractPipeline.wrapAndCopyInto(AbstractPipeline.java:499)
at java.base/java.util.stream.FindOps$FindOp.evaluateSequential(FindOps.java:150)
at java.base/java.util.stream.AbstractPipeline.evaluate(AbstractPipeline.java:234)
at java.base/java.util.stream.ReferencePipeline.findFirst(ReferencePipeline.java:647)
at org.openqa.selenium.remote.ProtocolHandshake.createSession(ProtocolHandshake.java:128)
at org.openqa.selenium.remote.ProtocolHandshake.createSession(ProtocolHandshake.java:74)
at org.openqa.selenium.remote.HttpCommandExecutor.execute(HttpCommandExecutor.java:136)
at org.openqa.selenium.remote.service.DriverCommandExecutor.execute(DriverCommandExecutor.java:83)
at org.openqa.selenium.remote.RemoteWebDriver.execute(RemoteWebDriver.java:552)
at org.openqa.selenium.remote.RemoteWebDriver.startSession(RemoteWebDriver.java:213)
at org.openqa.selenium.remote.RemoteWebDriver.<init>(RemoteWebDriver.java:131)
at org.openqa.selenium.chrome.ChromeDriver.<init>(ChromeDriver.java:181)
at org.openqa.selenium.chrome.ChromeDriver.<init>(ChromeDriver.java:168)
at org.openqa.selenium.chrome.ChromeDriver.<init>(ChromeDriver.java:123)
at com.Rigbot_Genarics.BaseClass.openbrowser(BaseClass.java:42)
at java.base/java.util.ArrayList.forEach(ArrayList.java:1511)
... Removed 30 stack frames]]>
    </failure>
  </testcase> <!-- @BeforeClass openbrowser -->
  <testcase classname="com.Rigbot_Genarics.BaseClass" name="@BeforeMethod login" time="-1.710669599271E9">
    <skipped/>
  </testcase> <!-- @BeforeMethod login -->
  <testcase classname="com.Rigbot_Genarics.BaseClass" name="@AfterMethod logout" time="-1.710669599275E9">
    <skipped/>
  </testcase> <!-- @AfterMethod logout -->
  <testcase classname="com.Rigbot_Genarics.BaseClass" name="@AfterClass closeapp" time="-1.710669599276E9">
    <skipped/>
  </testcase> <!-- @AfterClass closeapp -->
  <testcase classname="com.Rigbot_Test_Scripts.Loads.Quick_Setup.Quick_Setup" name="test_Quick_Setup" time="0.0">
    <skipped/>
  </testcase> <!-- test_Quick_Setup -->
  <testcase classname="com.Rigbot_Test_Scripts.Invoice.Invoice_Default_filters" name="test_Invoice_Default_filters" time="0.0">
    <skipped/>
  </testcase> <!-- test_Invoice_Default_filters -->
  <testcase classname="com.Rigbot_Test_Scripts.Loads.Filters.Default_Filters" name="test_Load_Screen_Default_filters" time="0.0">
    <skipped/>
  </testcase> <!-- test_Load_Screen_Default_filters -->
  <testcase classname="com.Rigbot_Test_Scripts.Invoice.Create_Invoice" name="test_invoice" time="0.0">
    <skipped/>
  </testcase> <!-- test_invoice -->
  <testcase classname="com.Rigbot_Genarics.BaseClass" name="@BeforeTest report" time="0.0">
    <ignored/>
  </testcase> <!-- @BeforeTest report -->
  <testcase classname="com.Rigbot_Genarics.BaseClass" name="@BeforeTest report" time="0.0">
    <ignored/>
  </testcase> <!-- @BeforeTest report -->
  <testcase classname="com.Rigbot_Genarics.BaseClass" name="@BeforeTest report" time="0.0">
    <ignored/>
  </testcase> <!-- @BeforeTest report -->
  <testcase classname="com.Rigbot_Genarics.BaseClass" name="@AfterTest reclose" time="0.0">
    <ignored/>
  </testcase> <!-- @AfterTest reclose -->
  <testcase classname="com.Rigbot_Genarics.BaseClass" name="@AfterTest reclose" time="0.0">
    <ignored/>
  </testcase> <!-- @AfterTest reclose -->
  <testcase classname="com.Rigbot_Genarics.BaseClass" name="@AfterTest reclose" time="0.0">
    <ignored/>
  </testcase> <!-- @AfterTest reclose -->
</testsuite> <!-- Test -->
