<?xml version="1.0" encoding="UTF-8"?>
<!-- Generated by org.testng.reporters.JUnitXMLReporter -->
<testsuite ignored="0" hostname="DESKTOP-PPED12M" failures="0" tests="1" name="Default test" time="2.741" errors="0" timestamp="2024-03-04T15:23:24 IST">
  <testcase classname="com.Rigbot_Genarics.BaseClass" name="@BeforeClass openbrowser" time="1.911">
    <failure type="org.openqa.selenium.SessionNotCreatedException" message="session not created: This version of ChromeDriver only supports Chrome version 120
Current browser version is 122.0.6261.94 with binary path C:\Program Files\Google\Chrome\Application\chrome.exe
Build info: version: &amp;apos;3.141.59&amp;apos;, revision: &amp;apos;e82be7d358&amp;apos;, time: &amp;apos;2018-11-14T08:17:03&amp;apos;
System info: host: &amp;apos;DESKTOP-PPED12M&amp;apos;, ip: &amp;apos;192.168.0.132&amp;apos;, os.name: &amp;apos;Windows 11&amp;apos;, os.arch: &amp;apos;amd64&amp;apos;, os.version: &amp;apos;10.0&amp;apos;, java.version: &amp;apos;17.0.9&amp;apos;
Driver info: driver.version: ChromeDriver
remote stacktrace: 	GetHandleVerifier [0x00007FF6F2FF2142+3514994]
	(No symbol) [0x00007FF6F2C10CE2]
	(No symbol) [0x00007FF6F2AB76AA]
	(No symbol) [0x00007FF6F2AF17E2]
	(No symbol) [0x00007FF6F2AF0ADD]
	(No symbol) [0x00007FF6F2AEB9DF]
	(No symbol) [0x00007FF6F2AE7F52]
	(No symbol) [0x00007FF6F2B30AB4]
	(No symbol) [0x00007FF6F2B25D93]
	(No symbol) [0x00007FF6F2AF4BDC]
	(No symbol) [0x00007FF6F2AF5C64]
	GetHandleVerifier [0x00007FF6F301E16B+3695259]
	GetHandleVerifier [0x00007FF6F3076737+4057191]
	GetHandleVerifier [0x00007FF6F306E4E3+4023827]
	GetHandleVerifier [0x00007FF6F2D404F9+689705]
	(No symbol) [0x00007FF6F2C1C048]
	(No symbol) [0x00007FF6F2C18044]
	(No symbol) [0x00007FF6F2C181C9]
	(No symbol) [0x00007FF6F2C088C4]
	BaseThreadInitThunk [0x00007FFC2BA7257D+29]
	RtlUserThreadStart [0x00007FFC2C1CAA58+40]
">
      <![CDATA[org.openqa.selenium.SessionNotCreatedException: session not created: This version of ChromeDriver only supports Chrome version 120
Current browser version is 122.0.6261.94 with binary path C:\Program Files\Google\Chrome\Application\chrome.exe
Build info: version: '3.141.59', revision: 'e82be7d358', time: '2018-11-14T08:17:03'
System info: host: 'DESKTOP-PPED12M', ip: '192.168.0.132', os.name: 'Windows 11', os.arch: 'amd64', os.version: '10.0', java.version: '17.0.9'
Driver info: driver.version: ChromeDriver
remote stacktrace: GetHandleVerifier [0x00007FF6F2FF2142+3514994]
(No symbol) [0x00007FF6F2C10CE2]
(No symbol) [0x00007FF6F2AB76AA]
(No symbol) [0x00007FF6F2AF17E2]
(No symbol) [0x00007FF6F2AF0ADD]
(No symbol) [0x00007FF6F2AEB9DF]
(No symbol) [0x00007FF6F2AE7F52]
(No symbol) [0x00007FF6F2B30AB4]
(No symbol) [0x00007FF6F2B25D93]
(No symbol) [0x00007FF6F2AF4BDC]
(No symbol) [0x00007FF6F2AF5C64]
GetHandleVerifier [0x00007FF6F301E16B+3695259]
GetHandleVerifier [0x00007FF6F3076737+4057191]
GetHandleVerifier [0x00007FF6F306E4E3+4023827]
GetHandleVerifier [0x00007FF6F2D404F9+689705]
(No symbol) [0x00007FF6F2C1C048]
(No symbol) [0x00007FF6F2C18044]
(No symbol) [0x00007FF6F2C181C9]
(No symbol) [0x00007FF6F2C088C4]
BaseThreadInitThunk [0x00007FFC2BA7257D+29]
RtlUserThreadStart [0x00007FFC2C1CAA58+40]

at java.base/jdk.internal.reflect.NativeConstructorAccessorImpl.newInstance0(Native Method)
at java.base/jdk.internal.reflect.NativeConstructorAccessorImpl.newInstance(NativeConstructorAccessorImpl.java:77)
at java.base/jdk.internal.reflect.DelegatingConstructorAccessorImpl.newInstance(DelegatingConstructorAccessorImpl.java:45)
at java.base/java.lang.reflect.Constructor.newInstanceWithCaller(Constructor.java:499)
at java.base/java.lang.reflect.Constructor.newInstance(Constructor.java:480)
at org.openqa.selenium.remote.W3CHandshakeResponse.lambda$errorHandler$0(W3CHandshakeResponse.java:62)
at org.openqa.selenium.remote.HandshakeResponse.lambda$getResponseFunction$0(HandshakeResponse.java:30)
at org.openqa.selenium.remote.ProtocolHandshake.lambda$createSession$0(ProtocolHandshake.java:126)
at java.base/java.util.stream.ReferencePipeline$3$1.accept(ReferencePipeline.java:197)
at java.base/java.util.Spliterators$ArraySpliterator.tryAdvance(Spliterators.java:1002)
at java.base/java.util.stream.ReferencePipeline.forEachWithCancel(ReferencePipeline.java:129)
at java.base/java.util.stream.AbstractPipeline.copyIntoWithCancel(AbstractPipeline.java:527)
at java.base/java.util.stream.AbstractPipeline.copyInto(AbstractPipeline.java:513)
at java.base/java.util.stream.AbstractPipeline.wrapAndCopyInto(AbstractPipeline.java:499)
at java.base/java.util.stream.FindOps$FindOp.evaluateSequential(FindOps.java:150)
at java.base/java.util.stream.AbstractPipeline.evaluate(AbstractPipeline.java:234)
at java.base/java.util.stream.ReferencePipeline.findFirst(ReferencePipeline.java:647)
at org.openqa.selenium.remote.ProtocolHandshake.createSession(ProtocolHandshake.java:128)
at org.openqa.selenium.remote.ProtocolHandshake.createSession(ProtocolHandshake.java:74)
at org.openqa.selenium.remote.HttpCommandExecutor.execute(HttpCommandExecutor.java:136)
at org.openqa.selenium.remote.service.DriverCommandExecutor.execute(DriverCommandExecutor.java:83)
at org.openqa.selenium.remote.RemoteWebDriver.execute(RemoteWebDriver.java:552)
at org.openqa.selenium.remote.RemoteWebDriver.startSession(RemoteWebDriver.java:213)
at org.openqa.selenium.remote.RemoteWebDriver.<init>(RemoteWebDriver.java:131)
at org.openqa.selenium.chrome.ChromeDriver.<init>(ChromeDriver.java:181)
at org.openqa.selenium.chrome.ChromeDriver.<init>(ChromeDriver.java:168)
at org.openqa.selenium.chrome.ChromeDriver.<init>(ChromeDriver.java:123)
at com.Rigbot_Genarics.BaseClass.openbrowser(BaseClass.java:42)
at java.base/jdk.internal.reflect.NativeMethodAccessorImpl.invoke0(Native Method)
at java.base/jdk.internal.reflect.NativeMethodAccessorImpl.invoke(NativeMethodAccessorImpl.java:77)
at java.base/jdk.internal.reflect.DelegatingMethodAccessorImpl.invoke(DelegatingMethodAccessorImpl.java:43)
at java.base/java.lang.reflect.Method.invoke(Method.java:568)
at org.testng.internal.MethodInvocationHelper.invokeMethod(MethodInvocationHelper.java:133)
at org.testng.internal.MethodInvocationHelper.invokeMethodConsideringTimeout(MethodInvocationHelper.java:62)
at org.testng.internal.ConfigInvoker.invokeConfigurationMethod(ConfigInvoker.java:385)
at org.testng.internal.ConfigInvoker.invokeConfigurations(ConfigInvoker.java:321)
at org.testng.internal.TestMethodWorker.invokeBeforeClassMethods(TestMethodWorker.java:176)
at org.testng.internal.TestMethodWorker.run(TestMethodWorker.java:122)
at java.base/java.util.ArrayList.forEach(ArrayList.java:1511)
at org.testng.TestRunner.privateRun(TestRunner.java:794)
at org.testng.TestRunner.run(TestRunner.java:596)
at org.testng.SuiteRunner.runTest(SuiteRunner.java:377)
at org.testng.SuiteRunner.runSequentially(SuiteRunner.java:371)
at org.testng.SuiteRunner.privateRun(SuiteRunner.java:332)
at org.testng.SuiteRunner.run(SuiteRunner.java:276)
at org.testng.SuiteRunnerWorker.runSuite(SuiteRunnerWorker.java:53)
at org.testng.SuiteRunnerWorker.run(SuiteRunnerWorker.java:96)
at org.testng.TestNG.runSuitesSequentially(TestNG.java:1212)
at org.testng.TestNG.runSuitesLocally(TestNG.java:1134)
at org.testng.TestNG.runSuites(TestNG.java:1063)
at org.testng.TestNG.run(TestNG.java:1031)
at org.testng.remote.AbstractRemoteTestNG.run(AbstractRemoteTestNG.java:115)
at org.testng.remote.RemoteTestNG.initAndRun(RemoteTestNG.java:251)
at org.testng.remote.RemoteTestNG.main(RemoteTestNG.java:77)
]]>
    </failure>
  </testcase> <!-- @BeforeClass openbrowser -->
  <testcase classname="com.Rigbot_Genarics.BaseClass" name="@BeforeMethod login" time="-1.709546004216E9">
    <skipped/>
  </testcase> <!-- @BeforeMethod login -->
  <testcase classname="com.Rigbot_Genarics.BaseClass" name="@AfterMethod logout" time="-1.709546004232E9">
    <skipped/>
  </testcase> <!-- @AfterMethod logout -->
  <testcase classname="com.Rigbot_Genarics.BaseClass" name="@AfterClass closeapp" time="-1.709546004235E9">
    <skipped/>
  </testcase> <!-- @AfterClass closeapp -->
  <testcase classname="com.Rigbot_Test_Scripts.Loads.Quick_Setup.Quick_Setup" name="test_Quick_Setup" time="0.0">
    <skipped/>
  </testcase> <!-- test_Quick_Setup -->
</testsuite> <!-- Default test -->
