<!DOCTYPE html PUBLIC "-//W3C//DTD XHTML 1.1//EN" "https://www.w3.org/TR/xhtml11/DTD/xhtml11.dtd">
<html xmlns="https://www.w3.org/1999/xhtml">
<head>
<meta http-equiv="content-type" content="text/html; charset=UTF-8"/>
<title>TestNG Report</title>
<style type="text/css">table {margin-bottom:10px;border-collapse:collapse;empty-cells:show}th,td {border:1px solid #009;padding:.25em .5em}th {vertical-align:bottom}td {vertical-align:top}table a {font-weight:bold}.stripe td {background-color: #E6EBF9}.num {text-align:right}.passedodd td {background-color: #3F3}.passedeven td {background-color: #0A0}.skippedodd td {background-color: #DDD}.skippedeven td {background-color: #CCC}.failedodd td,.attn {background-color: #F33}.failedeven td,.stripe .attn {background-color: #D00}.stacktrace {white-space:pre;font-family:monospace}.totop {font-size:85%;text-align:center;border-bottom:2px solid #000}.invisible {display:none}</style>
</head>
<body>
<table>
<tr><th>Test</th><th># Passed</th><th># Skipped</th><th># Retried</th><th># Failed</th><th>Time (ms)</th><th>Included Groups</th><th>Excluded Groups</th></tr>
<tr><th colspan="8">Suite</th></tr>
<tr><td><a href="#t0">Test</a></td><td class="num">0</td><td class="num attn">4</td><td class="num">0</td><td class="num">0</td><td class="num">5,604</td><td></td><td></td></tr>
</table>
<table id='summary'><thead><tr><th>Class</th><th>Method</th><th>Start</th><th>Time (ms)</th></tr></thead><tbody><tr><th colspan="4">Suite</th></tr></tbody><tbody id="t0"><tr><th colspan="4">Test &#8212; failed (configuration methods)</th></tr><tr class="failedeven"><td rowspan="1">com.Rigbot_Test_Scripts.Invoice.Create_Invoice</td><td><a href="#m0">openbrowser</a></td><td rowspan="1">1710669598390</td><td rowspan="1">878</td></tr><tr class="failedodd"><td rowspan="1">com.Rigbot_Test_Scripts.Invoice.Invoice_Default_filters</td><td><a href="#m1">openbrowser</a></td><td rowspan="1">1710669596718</td><td rowspan="1">853</td></tr><tr class="failedeven"><td rowspan="1">com.Rigbot_Test_Scripts.Loads.Filters.Default_Filters</td><td><a href="#m2">openbrowser</a></td><td rowspan="1">1710669597587</td><td rowspan="1">790</td></tr><tr class="failedodd"><td rowspan="1">com.Rigbot_Test_Scripts.Loads.Quick_Setup.Quick_Setup</td><td><a href="#m3">openbrowser</a></td><td rowspan="1">1710669594272</td><td rowspan="1">2402</td></tr><tr><th colspan="4">Test &#8212; skipped (configuration methods)</th></tr><tr class="skippedeven"><td rowspan="3">com.Rigbot_Test_Scripts.Invoice.Create_Invoice</td><td><a href="#m4">closeapp</a></td><td rowspan="1">1710669599276</td><td rowspan="1">-1710669599276</td></tr><tr class="skippedeven"><td><a href="#m5">login</a></td><td rowspan="1">1710669599271</td><td rowspan="1">-1710669599271</td></tr><tr class="skippedeven"><td><a href="#m6">logout</a></td><td rowspan="1">1710669599275</td><td rowspan="1">-1710669599275</td></tr><tr class="skippedodd"><td rowspan="3">com.Rigbot_Test_Scripts.Invoice.Invoice_Default_filters</td><td><a href="#m7">closeapp</a></td><td rowspan="1">1710669597584</td><td rowspan="1">-1710669597584</td></tr><tr class="skippedodd"><td><a href="#m8">login</a></td><td rowspan="1">1710669597575</td><td rowspan="1">-1710669597575</td></tr><tr class="skippedodd"><td><a href="#m9">logout</a></td><td rowspan="1">1710669597582</td><td rowspan="1">-1710669597582</td></tr><tr class="skippedeven"><td rowspan="3">com.Rigbot_Test_Scripts.Loads.Filters.Default_Filters</td><td><a href="#m10">closeapp</a></td><td rowspan="1">1710669598389</td><td rowspan="1">-1710669598389</td></tr><tr class="skippedeven"><td><a href="#m11">login</a></td><td rowspan="1">1710669598380</td><td rowspan="1">-1710669598380</td></tr><tr class="skippedeven"><td><a href="#m12">logout</a></td><td rowspan="1">1710669598388</td><td rowspan="1">-1710669598388</td></tr><tr class="skippedodd"><td rowspan="3">com.Rigbot_Test_Scripts.Loads.Quick_Setup.Quick_Setup</td><td><a href="#m13">closeapp</a></td><td rowspan="1">1710669596713</td><td rowspan="1">-1710669596713</td></tr><tr class="skippedodd"><td><a href="#m14">login</a></td><td rowspan="1">1710669596695</td><td rowspan="1">-1710669596695</td></tr><tr class="skippedodd"><td><a href="#m15">logout</a></td><td rowspan="1">1710669596710</td><td rowspan="1">-1710669596710</td></tr><tr><th colspan="4">Test &#8212; skipped</th></tr><tr class="skippedeven"><td rowspan="1">com.Rigbot_Test_Scripts.Invoice.Create_Invoice</td><td><a href="#m16">test_invoice</a></td><td rowspan="1">1710669599272</td><td rowspan="1">0</td></tr><tr class="skippedodd"><td rowspan="1">com.Rigbot_Test_Scripts.Invoice.Invoice_Default_filters</td><td><a href="#m17">test_Invoice_Default_filters</a></td><td rowspan="1">1710669597577</td><td rowspan="1">0</td></tr><tr class="skippedeven"><td rowspan="1">com.Rigbot_Test_Scripts.Loads.Filters.Default_Filters</td><td><a href="#m18">test_Load_Screen_Default_filters</a></td><td rowspan="1">1710669598383</td><td rowspan="1">0</td></tr><tr class="skippedodd"><td rowspan="1">com.Rigbot_Test_Scripts.Loads.Quick_Setup.Quick_Setup</td><td><a href="#m19">test_Quick_Setup</a></td><td rowspan="1">1710669596699</td><td rowspan="1">0</td></tr></tbody>
</table>
<h2>Test</h2><h3 id="m0">com.Rigbot_Test_Scripts.Invoice.Create_Invoice#openbrowser</h3><table class="result"><tr><th>Exception</th></tr><tr><td><div class="stacktrace">org.openqa.selenium.SessionNotCreatedException: session not created: This version of ChromeDriver only supports Chrome version 120
Current browser version is 122.0.6261.129 with binary path C:\Program Files\Google\Chrome\Application\chrome.exe
Build info: version: &apos;3.141.59&apos;, revision: &apos;e82be7d358&apos;, time: &apos;2018-11-14T08:17:03&apos;
System info: host: &apos;DESKTOP-PPED12M&apos;, ip: &apos;192.168.0.132&apos;, os.name: &apos;Windows 11&apos;, os.arch: &apos;amd64&apos;, os.version: &apos;10.0&apos;, java.version: &apos;17.0.9&apos;
Driver info: driver.version: ChromeDriver
remote stacktrace: 	GetHandleVerifier [0x00007FF734FC2142+3514994]
	(No symbol) [0x00007FF734BE0CE2]
	(No symbol) [0x00007FF734A876AA]
	(No symbol) [0x00007FF734AC17E2]
	(No symbol) [0x00007FF734AC0ADD]
	(No symbol) [0x00007FF734ABB9DF]
	(No symbol) [0x00007FF734AB7F52]
	(No symbol) [0x00007FF734B00AB4]
	(No symbol) [0x00007FF734AF5D93]
	(No symbol) [0x00007FF734AC4BDC]
	(No symbol) [0x00007FF734AC5C64]
	GetHandleVerifier [0x00007FF734FEE16B+3695259]
	GetHandleVerifier [0x00007FF735046737+4057191]
	GetHandleVerifier [0x00007FF73503E4E3+4023827]
	GetHandleVerifier [0x00007FF734D104F9+689705]
	(No symbol) [0x00007FF734BEC048]
	(No symbol) [0x00007FF734BE8044]
	(No symbol) [0x00007FF734BE81C9]
	(No symbol) [0x00007FF734BD88C4]
	BaseThreadInitThunk [0x00007FFD9E77257D+29]
	RtlUserThreadStart [0x00007FFDA048AA58+40]

	at org.openqa.selenium.remote.W3CHandshakeResponse.lambda$errorHandler$0(W3CHandshakeResponse.java:62)
	at org.openqa.selenium.remote.HandshakeResponse.lambda$getResponseFunction$0(HandshakeResponse.java:30)
	at org.openqa.selenium.remote.ProtocolHandshake.lambda$createSession$0(ProtocolHandshake.java:126)
	at java.base/java.util.stream.ReferencePipeline$3$1.accept(ReferencePipeline.java:197)
	at java.base/java.util.Spliterators$ArraySpliterator.tryAdvance(Spliterators.java:1002)
	at java.base/java.util.stream.ReferencePipeline.forEachWithCancel(ReferencePipeline.java:129)
	at java.base/java.util.stream.AbstractPipeline.copyIntoWithCancel(AbstractPipeline.java:527)
	at java.base/java.util.stream.AbstractPipeline.copyInto(AbstractPipeline.java:513)
	at java.base/java.util.stream.AbstractPipeline.wrapAndCopyInto(AbstractPipeline.java:499)
	at java.base/java.util.stream.FindOps$FindOp.evaluateSequential(FindOps.java:150)
	at java.base/java.util.stream.AbstractPipeline.evaluate(AbstractPipeline.java:234)
	at java.base/java.util.stream.ReferencePipeline.findFirst(ReferencePipeline.java:647)
	at org.openqa.selenium.remote.ProtocolHandshake.createSession(ProtocolHandshake.java:128)
	at org.openqa.selenium.remote.ProtocolHandshake.createSession(ProtocolHandshake.java:74)
	at org.openqa.selenium.remote.HttpCommandExecutor.execute(HttpCommandExecutor.java:136)
	at org.openqa.selenium.remote.service.DriverCommandExecutor.execute(DriverCommandExecutor.java:83)
	at org.openqa.selenium.remote.RemoteWebDriver.execute(RemoteWebDriver.java:552)
	at org.openqa.selenium.remote.RemoteWebDriver.startSession(RemoteWebDriver.java:213)
	at org.openqa.selenium.remote.RemoteWebDriver.&lt;init&gt;(RemoteWebDriver.java:131)
	at org.openqa.selenium.chrome.ChromeDriver.&lt;init&gt;(ChromeDriver.java:181)
	at org.openqa.selenium.chrome.ChromeDriver.&lt;init&gt;(ChromeDriver.java:168)
	at org.openqa.selenium.chrome.ChromeDriver.&lt;init&gt;(ChromeDriver.java:123)
	at com.Rigbot_Genarics.BaseClass.openbrowser(BaseClass.java:42)
	at java.base/java.util.ArrayList.forEach(ArrayList.java:1511)
... Removed 30 stack frames</div></td></tr></table><p class="totop"><a href="#summary">back to summary</a></p>
<h3 id="m1">com.Rigbot_Test_Scripts.Invoice.Invoice_Default_filters#openbrowser</h3><table class="result"><tr><th>Exception</th></tr><tr><td><div class="stacktrace">org.openqa.selenium.SessionNotCreatedException: session not created: This version of ChromeDriver only supports Chrome version 120
Current browser version is 122.0.6261.129 with binary path C:\Program Files\Google\Chrome\Application\chrome.exe
Build info: version: &apos;3.141.59&apos;, revision: &apos;e82be7d358&apos;, time: &apos;2018-11-14T08:17:03&apos;
System info: host: &apos;DESKTOP-PPED12M&apos;, ip: &apos;192.168.0.132&apos;, os.name: &apos;Windows 11&apos;, os.arch: &apos;amd64&apos;, os.version: &apos;10.0&apos;, java.version: &apos;17.0.9&apos;
Driver info: driver.version: ChromeDriver
remote stacktrace: 	GetHandleVerifier [0x00007FF734FC2142+3514994]
	(No symbol) [0x00007FF734BE0CE2]
	(No symbol) [0x00007FF734A876AA]
	(No symbol) [0x00007FF734AC17E2]
	(No symbol) [0x00007FF734AC0ADD]
	(No symbol) [0x00007FF734ABB9DF]
	(No symbol) [0x00007FF734AB7F52]
	(No symbol) [0x00007FF734B00AB4]
	(No symbol) [0x00007FF734AF5D93]
	(No symbol) [0x00007FF734AC4BDC]
	(No symbol) [0x00007FF734AC5C64]
	GetHandleVerifier [0x00007FF734FEE16B+3695259]
	GetHandleVerifier [0x00007FF735046737+4057191]
	GetHandleVerifier [0x00007FF73503E4E3+4023827]
	GetHandleVerifier [0x00007FF734D104F9+689705]
	(No symbol) [0x00007FF734BEC048]
	(No symbol) [0x00007FF734BE8044]
	(No symbol) [0x00007FF734BE81C9]
	(No symbol) [0x00007FF734BD88C4]
	BaseThreadInitThunk [0x00007FFD9E77257D+29]
	RtlUserThreadStart [0x00007FFDA048AA58+40]

	at org.openqa.selenium.remote.W3CHandshakeResponse.lambda$errorHandler$0(W3CHandshakeResponse.java:62)
	at org.openqa.selenium.remote.HandshakeResponse.lambda$getResponseFunction$0(HandshakeResponse.java:30)
	at org.openqa.selenium.remote.ProtocolHandshake.lambda$createSession$0(ProtocolHandshake.java:126)
	at java.base/java.util.stream.ReferencePipeline$3$1.accept(ReferencePipeline.java:197)
	at java.base/java.util.Spliterators$ArraySpliterator.tryAdvance(Spliterators.java:1002)
	at java.base/java.util.stream.ReferencePipeline.forEachWithCancel(ReferencePipeline.java:129)
	at java.base/java.util.stream.AbstractPipeline.copyIntoWithCancel(AbstractPipeline.java:527)
	at java.base/java.util.stream.AbstractPipeline.copyInto(AbstractPipeline.java:513)
	at java.base/java.util.stream.AbstractPipeline.wrapAndCopyInto(AbstractPipeline.java:499)
	at java.base/java.util.stream.FindOps$FindOp.evaluateSequential(FindOps.java:150)
	at java.base/java.util.stream.AbstractPipeline.evaluate(AbstractPipeline.java:234)
	at java.base/java.util.stream.ReferencePipeline.findFirst(ReferencePipeline.java:647)
	at org.openqa.selenium.remote.ProtocolHandshake.createSession(ProtocolHandshake.java:128)
	at org.openqa.selenium.remote.ProtocolHandshake.createSession(ProtocolHandshake.java:74)
	at org.openqa.selenium.remote.HttpCommandExecutor.execute(HttpCommandExecutor.java:136)
	at org.openqa.selenium.remote.service.DriverCommandExecutor.execute(DriverCommandExecutor.java:83)
	at org.openqa.selenium.remote.RemoteWebDriver.execute(RemoteWebDriver.java:552)
	at org.openqa.selenium.remote.RemoteWebDriver.startSession(RemoteWebDriver.java:213)
	at org.openqa.selenium.remote.RemoteWebDriver.&lt;init&gt;(RemoteWebDriver.java:131)
	at org.openqa.selenium.chrome.ChromeDriver.&lt;init&gt;(ChromeDriver.java:181)
	at org.openqa.selenium.chrome.ChromeDriver.&lt;init&gt;(ChromeDriver.java:168)
	at org.openqa.selenium.chrome.ChromeDriver.&lt;init&gt;(ChromeDriver.java:123)
	at com.Rigbot_Genarics.BaseClass.openbrowser(BaseClass.java:42)
	at java.base/java.util.ArrayList.forEach(ArrayList.java:1511)
... Removed 30 stack frames</div></td></tr></table><p class="totop"><a href="#summary">back to summary</a></p>
<h3 id="m2">com.Rigbot_Test_Scripts.Loads.Filters.Default_Filters#openbrowser</h3><table class="result"><tr><th>Exception</th></tr><tr><td><div class="stacktrace">org.openqa.selenium.SessionNotCreatedException: session not created: This version of ChromeDriver only supports Chrome version 120
Current browser version is 122.0.6261.129 with binary path C:\Program Files\Google\Chrome\Application\chrome.exe
Build info: version: &apos;3.141.59&apos;, revision: &apos;e82be7d358&apos;, time: &apos;2018-11-14T08:17:03&apos;
System info: host: &apos;DESKTOP-PPED12M&apos;, ip: &apos;192.168.0.132&apos;, os.name: &apos;Windows 11&apos;, os.arch: &apos;amd64&apos;, os.version: &apos;10.0&apos;, java.version: &apos;17.0.9&apos;
Driver info: driver.version: ChromeDriver
remote stacktrace: 	GetHandleVerifier [0x00007FF734FC2142+3514994]
	(No symbol) [0x00007FF734BE0CE2]
	(No symbol) [0x00007FF734A876AA]
	(No symbol) [0x00007FF734AC17E2]
	(No symbol) [0x00007FF734AC0ADD]
	(No symbol) [0x00007FF734ABB9DF]
	(No symbol) [0x00007FF734AB7F52]
	(No symbol) [0x00007FF734B00AB4]
	(No symbol) [0x00007FF734AF5D93]
	(No symbol) [0x00007FF734AC4BDC]
	(No symbol) [0x00007FF734AC5C64]
	GetHandleVerifier [0x00007FF734FEE16B+3695259]
	GetHandleVerifier [0x00007FF735046737+4057191]
	GetHandleVerifier [0x00007FF73503E4E3+4023827]
	GetHandleVerifier [0x00007FF734D104F9+689705]
	(No symbol) [0x00007FF734BEC048]
	(No symbol) [0x00007FF734BE8044]
	(No symbol) [0x00007FF734BE81C9]
	(No symbol) [0x00007FF734BD88C4]
	BaseThreadInitThunk [0x00007FFD9E77257D+29]
	RtlUserThreadStart [0x00007FFDA048AA58+40]

	at org.openqa.selenium.remote.W3CHandshakeResponse.lambda$errorHandler$0(W3CHandshakeResponse.java:62)
	at org.openqa.selenium.remote.HandshakeResponse.lambda$getResponseFunction$0(HandshakeResponse.java:30)
	at org.openqa.selenium.remote.ProtocolHandshake.lambda$createSession$0(ProtocolHandshake.java:126)
	at java.base/java.util.stream.ReferencePipeline$3$1.accept(ReferencePipeline.java:197)
	at java.base/java.util.Spliterators$ArraySpliterator.tryAdvance(Spliterators.java:1002)
	at java.base/java.util.stream.ReferencePipeline.forEachWithCancel(ReferencePipeline.java:129)
	at java.base/java.util.stream.AbstractPipeline.copyIntoWithCancel(AbstractPipeline.java:527)
	at java.base/java.util.stream.AbstractPipeline.copyInto(AbstractPipeline.java:513)
	at java.base/java.util.stream.AbstractPipeline.wrapAndCopyInto(AbstractPipeline.java:499)
	at java.base/java.util.stream.FindOps$FindOp.evaluateSequential(FindOps.java:150)
	at java.base/java.util.stream.AbstractPipeline.evaluate(AbstractPipeline.java:234)
	at java.base/java.util.stream.ReferencePipeline.findFirst(ReferencePipeline.java:647)
	at org.openqa.selenium.remote.ProtocolHandshake.createSession(ProtocolHandshake.java:128)
	at org.openqa.selenium.remote.ProtocolHandshake.createSession(ProtocolHandshake.java:74)
	at org.openqa.selenium.remote.HttpCommandExecutor.execute(HttpCommandExecutor.java:136)
	at org.openqa.selenium.remote.service.DriverCommandExecutor.execute(DriverCommandExecutor.java:83)
	at org.openqa.selenium.remote.RemoteWebDriver.execute(RemoteWebDriver.java:552)
	at org.openqa.selenium.remote.RemoteWebDriver.startSession(RemoteWebDriver.java:213)
	at org.openqa.selenium.remote.RemoteWebDriver.&lt;init&gt;(RemoteWebDriver.java:131)
	at org.openqa.selenium.chrome.ChromeDriver.&lt;init&gt;(ChromeDriver.java:181)
	at org.openqa.selenium.chrome.ChromeDriver.&lt;init&gt;(ChromeDriver.java:168)
	at org.openqa.selenium.chrome.ChromeDriver.&lt;init&gt;(ChromeDriver.java:123)
	at com.Rigbot_Genarics.BaseClass.openbrowser(BaseClass.java:42)
	at java.base/java.util.ArrayList.forEach(ArrayList.java:1511)
... Removed 30 stack frames</div></td></tr></table><p class="totop"><a href="#summary">back to summary</a></p>
<h3 id="m3">com.Rigbot_Test_Scripts.Loads.Quick_Setup.Quick_Setup#openbrowser</h3><table class="result"><tr><th>Exception</th></tr><tr><td><div class="stacktrace">org.openqa.selenium.SessionNotCreatedException: session not created: This version of ChromeDriver only supports Chrome version 120
Current browser version is 122.0.6261.129 with binary path C:\Program Files\Google\Chrome\Application\chrome.exe
Build info: version: &apos;3.141.59&apos;, revision: &apos;e82be7d358&apos;, time: &apos;2018-11-14T08:17:03&apos;
System info: host: &apos;DESKTOP-PPED12M&apos;, ip: &apos;192.168.0.132&apos;, os.name: &apos;Windows 11&apos;, os.arch: &apos;amd64&apos;, os.version: &apos;10.0&apos;, java.version: &apos;17.0.9&apos;
Driver info: driver.version: ChromeDriver
remote stacktrace: 	GetHandleVerifier [0x00007FF734FC2142+3514994]
	(No symbol) [0x00007FF734BE0CE2]
	(No symbol) [0x00007FF734A876AA]
	(No symbol) [0x00007FF734AC17E2]
	(No symbol) [0x00007FF734AC0ADD]
	(No symbol) [0x00007FF734ABB9DF]
	(No symbol) [0x00007FF734AB7F52]
	(No symbol) [0x00007FF734B00AB4]
	(No symbol) [0x00007FF734AF5D93]
	(No symbol) [0x00007FF734AC4BDC]
	(No symbol) [0x00007FF734AC5C64]
	GetHandleVerifier [0x00007FF734FEE16B+3695259]
	GetHandleVerifier [0x00007FF735046737+4057191]
	GetHandleVerifier [0x00007FF73503E4E3+4023827]
	GetHandleVerifier [0x00007FF734D104F9+689705]
	(No symbol) [0x00007FF734BEC048]
	(No symbol) [0x00007FF734BE8044]
	(No symbol) [0x00007FF734BE81C9]
	(No symbol) [0x00007FF734BD88C4]
	BaseThreadInitThunk [0x00007FFD9E77257D+29]
	RtlUserThreadStart [0x00007FFDA048AA58+40]

	at org.openqa.selenium.remote.W3CHandshakeResponse.lambda$errorHandler$0(W3CHandshakeResponse.java:62)
	at org.openqa.selenium.remote.HandshakeResponse.lambda$getResponseFunction$0(HandshakeResponse.java:30)
	at org.openqa.selenium.remote.ProtocolHandshake.lambda$createSession$0(ProtocolHandshake.java:126)
	at java.base/java.util.stream.ReferencePipeline$3$1.accept(ReferencePipeline.java:197)
	at java.base/java.util.Spliterators$ArraySpliterator.tryAdvance(Spliterators.java:1002)
	at java.base/java.util.stream.ReferencePipeline.forEachWithCancel(ReferencePipeline.java:129)
	at java.base/java.util.stream.AbstractPipeline.copyIntoWithCancel(AbstractPipeline.java:527)
	at java.base/java.util.stream.AbstractPipeline.copyInto(AbstractPipeline.java:513)
	at java.base/java.util.stream.AbstractPipeline.wrapAndCopyInto(AbstractPipeline.java:499)
	at java.base/java.util.stream.FindOps$FindOp.evaluateSequential(FindOps.java:150)
	at java.base/java.util.stream.AbstractPipeline.evaluate(AbstractPipeline.java:234)
	at java.base/java.util.stream.ReferencePipeline.findFirst(ReferencePipeline.java:647)
	at org.openqa.selenium.remote.ProtocolHandshake.createSession(ProtocolHandshake.java:128)
	at org.openqa.selenium.remote.ProtocolHandshake.createSession(ProtocolHandshake.java:74)
	at org.openqa.selenium.remote.HttpCommandExecutor.execute(HttpCommandExecutor.java:136)
	at org.openqa.selenium.remote.service.DriverCommandExecutor.execute(DriverCommandExecutor.java:83)
	at org.openqa.selenium.remote.RemoteWebDriver.execute(RemoteWebDriver.java:552)
	at org.openqa.selenium.remote.RemoteWebDriver.startSession(RemoteWebDriver.java:213)
	at org.openqa.selenium.remote.RemoteWebDriver.&lt;init&gt;(RemoteWebDriver.java:131)
	at org.openqa.selenium.chrome.ChromeDriver.&lt;init&gt;(ChromeDriver.java:181)
	at org.openqa.selenium.chrome.ChromeDriver.&lt;init&gt;(ChromeDriver.java:168)
	at org.openqa.selenium.chrome.ChromeDriver.&lt;init&gt;(ChromeDriver.java:123)
	at com.Rigbot_Genarics.BaseClass.openbrowser(BaseClass.java:42)
	at java.base/java.util.ArrayList.forEach(ArrayList.java:1511)
... Removed 30 stack frames</div></td></tr></table><p class="totop"><a href="#summary">back to summary</a></p>
<h3 id="m4">com.Rigbot_Test_Scripts.Invoice.Create_Invoice#closeapp</h3><table class="result"><tr><th class="invisible"/></tr></table><p class="totop"><a href="#summary">back to summary</a></p>
<h3 id="m5">com.Rigbot_Test_Scripts.Invoice.Create_Invoice#login</h3><table class="result"><tr><th class="invisible"/></tr></table><p class="totop"><a href="#summary">back to summary</a></p>
<h3 id="m6">com.Rigbot_Test_Scripts.Invoice.Create_Invoice#logout</h3><table class="result"><tr><th class="invisible"/></tr></table><p class="totop"><a href="#summary">back to summary</a></p>
<h3 id="m7">com.Rigbot_Test_Scripts.Invoice.Invoice_Default_filters#closeapp</h3><table class="result"><tr><th class="invisible"/></tr></table><p class="totop"><a href="#summary">back to summary</a></p>
<h3 id="m8">com.Rigbot_Test_Scripts.Invoice.Invoice_Default_filters#login</h3><table class="result"><tr><th class="invisible"/></tr></table><p class="totop"><a href="#summary">back to summary</a></p>
<h3 id="m9">com.Rigbot_Test_Scripts.Invoice.Invoice_Default_filters#logout</h3><table class="result"><tr><th class="invisible"/></tr></table><p class="totop"><a href="#summary">back to summary</a></p>
<h3 id="m10">com.Rigbot_Test_Scripts.Loads.Filters.Default_Filters#closeapp</h3><table class="result"><tr><th class="invisible"/></tr></table><p class="totop"><a href="#summary">back to summary</a></p>
<h3 id="m11">com.Rigbot_Test_Scripts.Loads.Filters.Default_Filters#login</h3><table class="result"><tr><th class="invisible"/></tr></table><p class="totop"><a href="#summary">back to summary</a></p>
<h3 id="m12">com.Rigbot_Test_Scripts.Loads.Filters.Default_Filters#logout</h3><table class="result"><tr><th class="invisible"/></tr></table><p class="totop"><a href="#summary">back to summary</a></p>
<h3 id="m13">com.Rigbot_Test_Scripts.Loads.Quick_Setup.Quick_Setup#closeapp</h3><table class="result"><tr><th class="invisible"/></tr></table><p class="totop"><a href="#summary">back to summary</a></p>
<h3 id="m14">com.Rigbot_Test_Scripts.Loads.Quick_Setup.Quick_Setup#login</h3><table class="result"><tr><th class="invisible"/></tr></table><p class="totop"><a href="#summary">back to summary</a></p>
<h3 id="m15">com.Rigbot_Test_Scripts.Loads.Quick_Setup.Quick_Setup#logout</h3><table class="result"><tr><th class="invisible"/></tr></table><p class="totop"><a href="#summary">back to summary</a></p>
<h3 id="m16">com.Rigbot_Test_Scripts.Invoice.Create_Invoice#test_invoice</h3><table class="result"><tr><th>Exception</th></tr><tr><td><div class="stacktrace">org.openqa.selenium.SessionNotCreatedException: session not created: This version of ChromeDriver only supports Chrome version 120
Current browser version is 122.0.6261.129 with binary path C:\Program Files\Google\Chrome\Application\chrome.exe
Build info: version: &apos;3.141.59&apos;, revision: &apos;e82be7d358&apos;, time: &apos;2018-11-14T08:17:03&apos;
System info: host: &apos;DESKTOP-PPED12M&apos;, ip: &apos;192.168.0.132&apos;, os.name: &apos;Windows 11&apos;, os.arch: &apos;amd64&apos;, os.version: &apos;10.0&apos;, java.version: &apos;17.0.9&apos;
Driver info: driver.version: ChromeDriver
remote stacktrace: 	GetHandleVerifier [0x00007FF734FC2142+3514994]
	(No symbol) [0x00007FF734BE0CE2]
	(No symbol) [0x00007FF734A876AA]
	(No symbol) [0x00007FF734AC17E2]
	(No symbol) [0x00007FF734AC0ADD]
	(No symbol) [0x00007FF734ABB9DF]
	(No symbol) [0x00007FF734AB7F52]
	(No symbol) [0x00007FF734B00AB4]
	(No symbol) [0x00007FF734AF5D93]
	(No symbol) [0x00007FF734AC4BDC]
	(No symbol) [0x00007FF734AC5C64]
	GetHandleVerifier [0x00007FF734FEE16B+3695259]
	GetHandleVerifier [0x00007FF735046737+4057191]
	GetHandleVerifier [0x00007FF73503E4E3+4023827]
	GetHandleVerifier [0x00007FF734D104F9+689705]
	(No symbol) [0x00007FF734BEC048]
	(No symbol) [0x00007FF734BE8044]
	(No symbol) [0x00007FF734BE81C9]
	(No symbol) [0x00007FF734BD88C4]
	BaseThreadInitThunk [0x00007FFD9E77257D+29]
	RtlUserThreadStart [0x00007FFDA048AA58+40]

	at org.openqa.selenium.remote.W3CHandshakeResponse.lambda$errorHandler$0(W3CHandshakeResponse.java:62)
	at org.openqa.selenium.remote.HandshakeResponse.lambda$getResponseFunction$0(HandshakeResponse.java:30)
	at org.openqa.selenium.remote.ProtocolHandshake.lambda$createSession$0(ProtocolHandshake.java:126)
	at java.base/java.util.stream.ReferencePipeline$3$1.accept(ReferencePipeline.java:197)
	at java.base/java.util.Spliterators$ArraySpliterator.tryAdvance(Spliterators.java:1002)
	at java.base/java.util.stream.ReferencePipeline.forEachWithCancel(ReferencePipeline.java:129)
	at java.base/java.util.stream.AbstractPipeline.copyIntoWithCancel(AbstractPipeline.java:527)
	at java.base/java.util.stream.AbstractPipeline.copyInto(AbstractPipeline.java:513)
	at java.base/java.util.stream.AbstractPipeline.wrapAndCopyInto(AbstractPipeline.java:499)
	at java.base/java.util.stream.FindOps$FindOp.evaluateSequential(FindOps.java:150)
	at java.base/java.util.stream.AbstractPipeline.evaluate(AbstractPipeline.java:234)
	at java.base/java.util.stream.ReferencePipeline.findFirst(ReferencePipeline.java:647)
	at org.openqa.selenium.remote.ProtocolHandshake.createSession(ProtocolHandshake.java:128)
	at org.openqa.selenium.remote.ProtocolHandshake.createSession(ProtocolHandshake.java:74)
	at org.openqa.selenium.remote.HttpCommandExecutor.execute(HttpCommandExecutor.java:136)
	at org.openqa.selenium.remote.service.DriverCommandExecutor.execute(DriverCommandExecutor.java:83)
	at org.openqa.selenium.remote.RemoteWebDriver.execute(RemoteWebDriver.java:552)
	at org.openqa.selenium.remote.RemoteWebDriver.startSession(RemoteWebDriver.java:213)
	at org.openqa.selenium.remote.RemoteWebDriver.&lt;init&gt;(RemoteWebDriver.java:131)
	at org.openqa.selenium.chrome.ChromeDriver.&lt;init&gt;(ChromeDriver.java:181)
	at org.openqa.selenium.chrome.ChromeDriver.&lt;init&gt;(ChromeDriver.java:168)
	at org.openqa.selenium.chrome.ChromeDriver.&lt;init&gt;(ChromeDriver.java:123)
	at com.Rigbot_Genarics.BaseClass.openbrowser(BaseClass.java:42)
	at java.base/java.util.ArrayList.forEach(ArrayList.java:1511)
... Removed 30 stack frames</div></td></tr></table><p class="totop"><a href="#summary">back to summary</a></p>
<h3 id="m17">com.Rigbot_Test_Scripts.Invoice.Invoice_Default_filters#test_Invoice_Default_filters</h3><table class="result"><tr><th>Exception</th></tr><tr><td><div class="stacktrace">org.openqa.selenium.SessionNotCreatedException: session not created: This version of ChromeDriver only supports Chrome version 120
Current browser version is 122.0.6261.129 with binary path C:\Program Files\Google\Chrome\Application\chrome.exe
Build info: version: &apos;3.141.59&apos;, revision: &apos;e82be7d358&apos;, time: &apos;2018-11-14T08:17:03&apos;
System info: host: &apos;DESKTOP-PPED12M&apos;, ip: &apos;192.168.0.132&apos;, os.name: &apos;Windows 11&apos;, os.arch: &apos;amd64&apos;, os.version: &apos;10.0&apos;, java.version: &apos;17.0.9&apos;
Driver info: driver.version: ChromeDriver
remote stacktrace: 	GetHandleVerifier [0x00007FF734FC2142+3514994]
	(No symbol) [0x00007FF734BE0CE2]
	(No symbol) [0x00007FF734A876AA]
	(No symbol) [0x00007FF734AC17E2]
	(No symbol) [0x00007FF734AC0ADD]
	(No symbol) [0x00007FF734ABB9DF]
	(No symbol) [0x00007FF734AB7F52]
	(No symbol) [0x00007FF734B00AB4]
	(No symbol) [0x00007FF734AF5D93]
	(No symbol) [0x00007FF734AC4BDC]
	(No symbol) [0x00007FF734AC5C64]
	GetHandleVerifier [0x00007FF734FEE16B+3695259]
	GetHandleVerifier [0x00007FF735046737+4057191]
	GetHandleVerifier [0x00007FF73503E4E3+4023827]
	GetHandleVerifier [0x00007FF734D104F9+689705]
	(No symbol) [0x00007FF734BEC048]
	(No symbol) [0x00007FF734BE8044]
	(No symbol) [0x00007FF734BE81C9]
	(No symbol) [0x00007FF734BD88C4]
	BaseThreadInitThunk [0x00007FFD9E77257D+29]
	RtlUserThreadStart [0x00007FFDA048AA58+40]

	at org.openqa.selenium.remote.W3CHandshakeResponse.lambda$errorHandler$0(W3CHandshakeResponse.java:62)
	at org.openqa.selenium.remote.HandshakeResponse.lambda$getResponseFunction$0(HandshakeResponse.java:30)
	at org.openqa.selenium.remote.ProtocolHandshake.lambda$createSession$0(ProtocolHandshake.java:126)
	at java.base/java.util.stream.ReferencePipeline$3$1.accept(ReferencePipeline.java:197)
	at java.base/java.util.Spliterators$ArraySpliterator.tryAdvance(Spliterators.java:1002)
	at java.base/java.util.stream.ReferencePipeline.forEachWithCancel(ReferencePipeline.java:129)
	at java.base/java.util.stream.AbstractPipeline.copyIntoWithCancel(AbstractPipeline.java:527)
	at java.base/java.util.stream.AbstractPipeline.copyInto(AbstractPipeline.java:513)
	at java.base/java.util.stream.AbstractPipeline.wrapAndCopyInto(AbstractPipeline.java:499)
	at java.base/java.util.stream.FindOps$FindOp.evaluateSequential(FindOps.java:150)
	at java.base/java.util.stream.AbstractPipeline.evaluate(AbstractPipeline.java:234)
	at java.base/java.util.stream.ReferencePipeline.findFirst(ReferencePipeline.java:647)
	at org.openqa.selenium.remote.ProtocolHandshake.createSession(ProtocolHandshake.java:128)
	at org.openqa.selenium.remote.ProtocolHandshake.createSession(ProtocolHandshake.java:74)
	at org.openqa.selenium.remote.HttpCommandExecutor.execute(HttpCommandExecutor.java:136)
	at org.openqa.selenium.remote.service.DriverCommandExecutor.execute(DriverCommandExecutor.java:83)
	at org.openqa.selenium.remote.RemoteWebDriver.execute(RemoteWebDriver.java:552)
	at org.openqa.selenium.remote.RemoteWebDriver.startSession(RemoteWebDriver.java:213)
	at org.openqa.selenium.remote.RemoteWebDriver.&lt;init&gt;(RemoteWebDriver.java:131)
	at org.openqa.selenium.chrome.ChromeDriver.&lt;init&gt;(ChromeDriver.java:181)
	at org.openqa.selenium.chrome.ChromeDriver.&lt;init&gt;(ChromeDriver.java:168)
	at org.openqa.selenium.chrome.ChromeDriver.&lt;init&gt;(ChromeDriver.java:123)
	at com.Rigbot_Genarics.BaseClass.openbrowser(BaseClass.java:42)
	at java.base/java.util.ArrayList.forEach(ArrayList.java:1511)
... Removed 30 stack frames</div></td></tr></table><p class="totop"><a href="#summary">back to summary</a></p>
<h3 id="m18">com.Rigbot_Test_Scripts.Loads.Filters.Default_Filters#test_Load_Screen_Default_filters</h3><table class="result"><tr><th>Exception</th></tr><tr><td><div class="stacktrace">org.openqa.selenium.SessionNotCreatedException: session not created: This version of ChromeDriver only supports Chrome version 120
Current browser version is 122.0.6261.129 with binary path C:\Program Files\Google\Chrome\Application\chrome.exe
Build info: version: &apos;3.141.59&apos;, revision: &apos;e82be7d358&apos;, time: &apos;2018-11-14T08:17:03&apos;
System info: host: &apos;DESKTOP-PPED12M&apos;, ip: &apos;192.168.0.132&apos;, os.name: &apos;Windows 11&apos;, os.arch: &apos;amd64&apos;, os.version: &apos;10.0&apos;, java.version: &apos;17.0.9&apos;
Driver info: driver.version: ChromeDriver
remote stacktrace: 	GetHandleVerifier [0x00007FF734FC2142+3514994]
	(No symbol) [0x00007FF734BE0CE2]
	(No symbol) [0x00007FF734A876AA]
	(No symbol) [0x00007FF734AC17E2]
	(No symbol) [0x00007FF734AC0ADD]
	(No symbol) [0x00007FF734ABB9DF]
	(No symbol) [0x00007FF734AB7F52]
	(No symbol) [0x00007FF734B00AB4]
	(No symbol) [0x00007FF734AF5D93]
	(No symbol) [0x00007FF734AC4BDC]
	(No symbol) [0x00007FF734AC5C64]
	GetHandleVerifier [0x00007FF734FEE16B+3695259]
	GetHandleVerifier [0x00007FF735046737+4057191]
	GetHandleVerifier [0x00007FF73503E4E3+4023827]
	GetHandleVerifier [0x00007FF734D104F9+689705]
	(No symbol) [0x00007FF734BEC048]
	(No symbol) [0x00007FF734BE8044]
	(No symbol) [0x00007FF734BE81C9]
	(No symbol) [0x00007FF734BD88C4]
	BaseThreadInitThunk [0x00007FFD9E77257D+29]
	RtlUserThreadStart [0x00007FFDA048AA58+40]

	at org.openqa.selenium.remote.W3CHandshakeResponse.lambda$errorHandler$0(W3CHandshakeResponse.java:62)
	at org.openqa.selenium.remote.HandshakeResponse.lambda$getResponseFunction$0(HandshakeResponse.java:30)
	at org.openqa.selenium.remote.ProtocolHandshake.lambda$createSession$0(ProtocolHandshake.java:126)
	at java.base/java.util.stream.ReferencePipeline$3$1.accept(ReferencePipeline.java:197)
	at java.base/java.util.Spliterators$ArraySpliterator.tryAdvance(Spliterators.java:1002)
	at java.base/java.util.stream.ReferencePipeline.forEachWithCancel(ReferencePipeline.java:129)
	at java.base/java.util.stream.AbstractPipeline.copyIntoWithCancel(AbstractPipeline.java:527)
	at java.base/java.util.stream.AbstractPipeline.copyInto(AbstractPipeline.java:513)
	at java.base/java.util.stream.AbstractPipeline.wrapAndCopyInto(AbstractPipeline.java:499)
	at java.base/java.util.stream.FindOps$FindOp.evaluateSequential(FindOps.java:150)
	at java.base/java.util.stream.AbstractPipeline.evaluate(AbstractPipeline.java:234)
	at java.base/java.util.stream.ReferencePipeline.findFirst(ReferencePipeline.java:647)
	at org.openqa.selenium.remote.ProtocolHandshake.createSession(ProtocolHandshake.java:128)
	at org.openqa.selenium.remote.ProtocolHandshake.createSession(ProtocolHandshake.java:74)
	at org.openqa.selenium.remote.HttpCommandExecutor.execute(HttpCommandExecutor.java:136)
	at org.openqa.selenium.remote.service.DriverCommandExecutor.execute(DriverCommandExecutor.java:83)
	at org.openqa.selenium.remote.RemoteWebDriver.execute(RemoteWebDriver.java:552)
	at org.openqa.selenium.remote.RemoteWebDriver.startSession(RemoteWebDriver.java:213)
	at org.openqa.selenium.remote.RemoteWebDriver.&lt;init&gt;(RemoteWebDriver.java:131)
	at org.openqa.selenium.chrome.ChromeDriver.&lt;init&gt;(ChromeDriver.java:181)
	at org.openqa.selenium.chrome.ChromeDriver.&lt;init&gt;(ChromeDriver.java:168)
	at org.openqa.selenium.chrome.ChromeDriver.&lt;init&gt;(ChromeDriver.java:123)
	at com.Rigbot_Genarics.BaseClass.openbrowser(BaseClass.java:42)
	at java.base/java.util.ArrayList.forEach(ArrayList.java:1511)
... Removed 30 stack frames</div></td></tr></table><p class="totop"><a href="#summary">back to summary</a></p>
<h3 id="m19">com.Rigbot_Test_Scripts.Loads.Quick_Setup.Quick_Setup#test_Quick_Setup</h3><table class="result"><tr><th>Exception</th></tr><tr><td><div class="stacktrace">org.openqa.selenium.SessionNotCreatedException: session not created: This version of ChromeDriver only supports Chrome version 120
Current browser version is 122.0.6261.129 with binary path C:\Program Files\Google\Chrome\Application\chrome.exe
Build info: version: &apos;3.141.59&apos;, revision: &apos;e82be7d358&apos;, time: &apos;2018-11-14T08:17:03&apos;
System info: host: &apos;DESKTOP-PPED12M&apos;, ip: &apos;192.168.0.132&apos;, os.name: &apos;Windows 11&apos;, os.arch: &apos;amd64&apos;, os.version: &apos;10.0&apos;, java.version: &apos;17.0.9&apos;
Driver info: driver.version: ChromeDriver
remote stacktrace: 	GetHandleVerifier [0x00007FF734FC2142+3514994]
	(No symbol) [0x00007FF734BE0CE2]
	(No symbol) [0x00007FF734A876AA]
	(No symbol) [0x00007FF734AC17E2]
	(No symbol) [0x00007FF734AC0ADD]
	(No symbol) [0x00007FF734ABB9DF]
	(No symbol) [0x00007FF734AB7F52]
	(No symbol) [0x00007FF734B00AB4]
	(No symbol) [0x00007FF734AF5D93]
	(No symbol) [0x00007FF734AC4BDC]
	(No symbol) [0x00007FF734AC5C64]
	GetHandleVerifier [0x00007FF734FEE16B+3695259]
	GetHandleVerifier [0x00007FF735046737+4057191]
	GetHandleVerifier [0x00007FF73503E4E3+4023827]
	GetHandleVerifier [0x00007FF734D104F9+689705]
	(No symbol) [0x00007FF734BEC048]
	(No symbol) [0x00007FF734BE8044]
	(No symbol) [0x00007FF734BE81C9]
	(No symbol) [0x00007FF734BD88C4]
	BaseThreadInitThunk [0x00007FFD9E77257D+29]
	RtlUserThreadStart [0x00007FFDA048AA58+40]

	at org.openqa.selenium.remote.W3CHandshakeResponse.lambda$errorHandler$0(W3CHandshakeResponse.java:62)
	at org.openqa.selenium.remote.HandshakeResponse.lambda$getResponseFunction$0(HandshakeResponse.java:30)
	at org.openqa.selenium.remote.ProtocolHandshake.lambda$createSession$0(ProtocolHandshake.java:126)
	at java.base/java.util.stream.ReferencePipeline$3$1.accept(ReferencePipeline.java:197)
	at java.base/java.util.Spliterators$ArraySpliterator.tryAdvance(Spliterators.java:1002)
	at java.base/java.util.stream.ReferencePipeline.forEachWithCancel(ReferencePipeline.java:129)
	at java.base/java.util.stream.AbstractPipeline.copyIntoWithCancel(AbstractPipeline.java:527)
	at java.base/java.util.stream.AbstractPipeline.copyInto(AbstractPipeline.java:513)
	at java.base/java.util.stream.AbstractPipeline.wrapAndCopyInto(AbstractPipeline.java:499)
	at java.base/java.util.stream.FindOps$FindOp.evaluateSequential(FindOps.java:150)
	at java.base/java.util.stream.AbstractPipeline.evaluate(AbstractPipeline.java:234)
	at java.base/java.util.stream.ReferencePipeline.findFirst(ReferencePipeline.java:647)
	at org.openqa.selenium.remote.ProtocolHandshake.createSession(ProtocolHandshake.java:128)
	at org.openqa.selenium.remote.ProtocolHandshake.createSession(ProtocolHandshake.java:74)
	at org.openqa.selenium.remote.HttpCommandExecutor.execute(HttpCommandExecutor.java:136)
	at org.openqa.selenium.remote.service.DriverCommandExecutor.execute(DriverCommandExecutor.java:83)
	at org.openqa.selenium.remote.RemoteWebDriver.execute(RemoteWebDriver.java:552)
	at org.openqa.selenium.remote.RemoteWebDriver.startSession(RemoteWebDriver.java:213)
	at org.openqa.selenium.remote.RemoteWebDriver.&lt;init&gt;(RemoteWebDriver.java:131)
	at org.openqa.selenium.chrome.ChromeDriver.&lt;init&gt;(ChromeDriver.java:181)
	at org.openqa.selenium.chrome.ChromeDriver.&lt;init&gt;(ChromeDriver.java:168)
	at org.openqa.selenium.chrome.ChromeDriver.&lt;init&gt;(ChromeDriver.java:123)
	at com.Rigbot_Genarics.BaseClass.openbrowser(BaseClass.java:42)
	at java.base/java.util.ArrayList.forEach(ArrayList.java:1511)
... Removed 30 stack frames</div></td></tr></table><p class="totop"><a href="#summary">back to summary</a></p>
</body>
</html>
