<?xml version="1.0" encoding="UTF-8"?>
<testng-results ignored="6" total="10" passed="0" failed="0" skipped="4">
  <reporter-output>
  </reporter-output>
  <suite started-at="2024-03-17T15:29:53 IST" name="Suite" finished-at="2024-03-17T15:29:59 IST" duration-ms="5604">
    <groups>
    </groups>
    <test started-at="2024-03-17T15:29:53 IST" name="Test" finished-at="2024-03-17T15:29:59 IST" duration-ms="5604">
      <class name="com.Rigbot_Test_Scripts.Loads.Filters.Default_Filters">
        <test-method is-config="true" signature="openbrowser()[pri:0, instance:com.Rigbot_Test_Scripts.Loads.Filters.Default_Filters@4310d43]" started-at="2024-03-17T15:29:57 IST" name="openbrowser" finished-at="2024-03-17T15:29:58 IST" duration-ms="790" status="FAIL">
          <exception class="org.openqa.selenium.SessionNotCreatedException">
            <message>
              <![CDATA[session not created: This version of ChromeDriver only supports Chrome version 120
Current browser version is 122.0.6261.129 with binary path C:\Program Files\Google\Chrome\Application\chrome.exe
Build info: version: '3.141.59', revision: 'e82be7d358', time: '2018-11-14T08:17:03'
System info: host: 'DESKTOP-PPED12M', ip: '192.168.0.132', os.name: 'Windows 11', os.arch: 'amd64', os.version: '10.0', java.version: '17.0.9'
Driver info: driver.version: ChromeDriver
remote stacktrace: GetHandleVerifier [0x00007FF734FC2142+3514994]
(No symbol) [0x00007FF734BE0CE2]
(No symbol) [0x00007FF734A876AA]
(No symbol) [0x00007FF734AC17E2]
(No symbol) [0x00007FF734AC0ADD]
(No symbol) [0x00007FF734ABB9DF]
(No symbol) [0x00007FF734AB7F52]
(No symbol) [0x00007FF734B00AB4]
(No symbol) [0x00007FF734AF5D93]
(No symbol) [0x00007FF734AC4BDC]
(No symbol) [0x00007FF734AC5C64]
GetHandleVerifier [0x00007FF734FEE16B+3695259]
GetHandleVerifier [0x00007FF735046737+4057191]
GetHandleVerifier [0x00007FF73503E4E3+4023827]
GetHandleVerifier [0x00007FF734D104F9+689705]
(No symbol) [0x00007FF734BEC048]
(No symbol) [0x00007FF734BE8044]
(No symbol) [0x00007FF734BE81C9]
(No symbol) [0x00007FF734BD88C4]
BaseThreadInitThunk [0x00007FFD9E77257D+29]
RtlUserThreadStart [0x00007FFDA048AA58+40]
]]>
            </message>
            <full-stacktrace>
              <![CDATA[org.openqa.selenium.SessionNotCreatedException: session not created: This version of ChromeDriver only supports Chrome version 120
Current browser version is 122.0.6261.129 with binary path C:\Program Files\Google\Chrome\Application\chrome.exe
Build info: version: '3.141.59', revision: 'e82be7d358', time: '2018-11-14T08:17:03'
System info: host: 'DESKTOP-PPED12M', ip: '192.168.0.132', os.name: 'Windows 11', os.arch: 'amd64', os.version: '10.0', java.version: '17.0.9'
Driver info: driver.version: ChromeDriver
remote stacktrace: GetHandleVerifier [0x00007FF734FC2142+3514994]
(No symbol) [0x00007FF734BE0CE2]
(No symbol) [0x00007FF734A876AA]
(No symbol) [0x00007FF734AC17E2]
(No symbol) [0x00007FF734AC0ADD]
(No symbol) [0x00007FF734ABB9DF]
(No symbol) [0x00007FF734AB7F52]
(No symbol) [0x00007FF734B00AB4]
(No symbol) [0x00007FF734AF5D93]
(No symbol) [0x00007FF734AC4BDC]
(No symbol) [0x00007FF734AC5C64]
GetHandleVerifier [0x00007FF734FEE16B+3695259]
GetHandleVerifier [0x00007FF735046737+4057191]
GetHandleVerifier [0x00007FF73503E4E3+4023827]
GetHandleVerifier [0x00007FF734D104F9+689705]
(No symbol) [0x00007FF734BEC048]
(No symbol) [0x00007FF734BE8044]
(No symbol) [0x00007FF734BE81C9]
(No symbol) [0x00007FF734BD88C4]
BaseThreadInitThunk [0x00007FFD9E77257D+29]
RtlUserThreadStart [0x00007FFDA048AA58+40]

at java.base/jdk.internal.reflect.NativeConstructorAccessorImpl.newInstance0(Native Method)
at java.base/jdk.internal.reflect.NativeConstructorAccessorImpl.newInstance(NativeConstructorAccessorImpl.java:77)
at java.base/jdk.internal.reflect.DelegatingConstructorAccessorImpl.newInstance(DelegatingConstructorAccessorImpl.java:45)
at java.base/java.lang.reflect.Constructor.newInstanceWithCaller(Constructor.java:499)
at java.base/java.lang.reflect.Constructor.newInstance(Constructor.java:480)
at org.openqa.selenium.remote.W3CHandshakeResponse.lambda$errorHandler$0(W3CHandshakeResponse.java:62)
at org.openqa.selenium.remote.HandshakeResponse.lambda$getResponseFunction$0(HandshakeResponse.java:30)
at org.openqa.selenium.remote.ProtocolHandshake.lambda$createSession$0(ProtocolHandshake.java:126)
at java.base/java.util.stream.ReferencePipeline$3$1.accept(ReferencePipeline.java:197)
at java.base/java.util.Spliterators$ArraySpliterator.tryAdvance(Spliterators.java:1002)
at java.base/java.util.stream.ReferencePipeline.forEachWithCancel(ReferencePipeline.java:129)
at java.base/java.util.stream.AbstractPipeline.copyIntoWithCancel(AbstractPipeline.java:527)
at java.base/java.util.stream.AbstractPipeline.copyInto(AbstractPipeline.java:513)
at java.base/java.util.stream.AbstractPipeline.wrapAndCopyInto(AbstractPipeline.java:499)
at java.base/java.util.stream.FindOps$FindOp.evaluateSequential(FindOps.java:150)
at java.base/java.util.stream.AbstractPipeline.evaluate(AbstractPipeline.java:234)
at java.base/java.util.stream.ReferencePipeline.findFirst(ReferencePipeline.java:647)
at org.openqa.selenium.remote.ProtocolHandshake.createSession(ProtocolHandshake.java:128)
at org.openqa.selenium.remote.ProtocolHandshake.createSession(ProtocolHandshake.java:74)
at org.openqa.selenium.remote.HttpCommandExecutor.execute(HttpCommandExecutor.java:136)
at org.openqa.selenium.remote.service.DriverCommandExecutor.execute(DriverCommandExecutor.java:83)
at org.openqa.selenium.remote.RemoteWebDriver.execute(RemoteWebDriver.java:552)
at org.openqa.selenium.remote.RemoteWebDriver.startSession(RemoteWebDriver.java:213)
at org.openqa.selenium.remote.RemoteWebDriver.<init>(RemoteWebDriver.java:131)
at org.openqa.selenium.chrome.ChromeDriver.<init>(ChromeDriver.java:181)
at org.openqa.selenium.chrome.ChromeDriver.<init>(ChromeDriver.java:168)
at org.openqa.selenium.chrome.ChromeDriver.<init>(ChromeDriver.java:123)
at com.Rigbot_Genarics.BaseClass.openbrowser(BaseClass.java:42)
at java.base/jdk.internal.reflect.NativeMethodAccessorImpl.invoke0(Native Method)
at java.base/jdk.internal.reflect.NativeMethodAccessorImpl.invoke(NativeMethodAccessorImpl.java:77)
at java.base/jdk.internal.reflect.DelegatingMethodAccessorImpl.invoke(DelegatingMethodAccessorImpl.java:43)
at java.base/java.lang.reflect.Method.invoke(Method.java:568)
at org.testng.internal.MethodInvocationHelper.invokeMethod(MethodInvocationHelper.java:133)
at org.testng.internal.MethodInvocationHelper.invokeMethodConsideringTimeout(MethodInvocationHelper.java:62)
at org.testng.internal.ConfigInvoker.invokeConfigurationMethod(ConfigInvoker.java:385)
at org.testng.internal.ConfigInvoker.invokeConfigurations(ConfigInvoker.java:321)
at org.testng.internal.TestMethodWorker.invokeBeforeClassMethods(TestMethodWorker.java:176)
at org.testng.internal.TestMethodWorker.run(TestMethodWorker.java:122)
at java.base/java.util.ArrayList.forEach(ArrayList.java:1511)
at org.testng.TestRunner.privateRun(TestRunner.java:794)
at org.testng.TestRunner.run(TestRunner.java:596)
at org.testng.SuiteRunner.runTest(SuiteRunner.java:377)
at org.testng.SuiteRunner.runSequentially(SuiteRunner.java:371)
at org.testng.SuiteRunner.privateRun(SuiteRunner.java:332)
at org.testng.SuiteRunner.run(SuiteRunner.java:276)
at org.testng.SuiteRunnerWorker.runSuite(SuiteRunnerWorker.java:53)
at org.testng.SuiteRunnerWorker.run(SuiteRunnerWorker.java:96)
at org.testng.TestNG.runSuitesSequentially(TestNG.java:1212)
at org.testng.TestNG.runSuitesLocally(TestNG.java:1134)
at org.testng.TestNG.runSuites(TestNG.java:1063)
at org.testng.TestNG.run(TestNG.java:1031)
at org.testng.remote.AbstractRemoteTestNG.run(AbstractRemoteTestNG.java:115)
at org.testng.remote.RemoteTestNG.initAndRun(RemoteTestNG.java:251)
at org.testng.remote.RemoteTestNG.main(RemoteTestNG.java:77)
]]>
            </full-stacktrace>
          </exception> <!-- org.openqa.selenium.SessionNotCreatedException -->
          <reporter-output>
          </reporter-output>
        </test-method> <!-- openbrowser -->
        <test-method is-config="true" signature="login()[pri:0, instance:com.Rigbot_Test_Scripts.Loads.Filters.Default_Filters@4310d43]" started-at="2024-03-17T15:29:58 IST" name="login" finished-at="1970-01-01T05:30:00 IST" duration-ms="-1710669598380" status="SKIP">
          <reporter-output>
          </reporter-output>
        </test-method> <!-- login -->
        <test-method signature="test_Load_Screen_Default_filters()[pri:0, instance:com.Rigbot_Test_Scripts.Loads.Filters.Default_Filters@4310d43]" started-at="2024-03-17T15:29:58 IST" name="test_Load_Screen_Default_filters" finished-at="2024-03-17T15:29:58 IST" duration-ms="0" status="SKIP">
          <exception class="org.openqa.selenium.SessionNotCreatedException">
            <message>
              <![CDATA[session not created: This version of ChromeDriver only supports Chrome version 120
Current browser version is 122.0.6261.129 with binary path C:\Program Files\Google\Chrome\Application\chrome.exe
Build info: version: '3.141.59', revision: 'e82be7d358', time: '2018-11-14T08:17:03'
System info: host: 'DESKTOP-PPED12M', ip: '192.168.0.132', os.name: 'Windows 11', os.arch: 'amd64', os.version: '10.0', java.version: '17.0.9'
Driver info: driver.version: ChromeDriver
remote stacktrace: GetHandleVerifier [0x00007FF734FC2142+3514994]
(No symbol) [0x00007FF734BE0CE2]
(No symbol) [0x00007FF734A876AA]
(No symbol) [0x00007FF734AC17E2]
(No symbol) [0x00007FF734AC0ADD]
(No symbol) [0x00007FF734ABB9DF]
(No symbol) [0x00007FF734AB7F52]
(No symbol) [0x00007FF734B00AB4]
(No symbol) [0x00007FF734AF5D93]
(No symbol) [0x00007FF734AC4BDC]
(No symbol) [0x00007FF734AC5C64]
GetHandleVerifier [0x00007FF734FEE16B+3695259]
GetHandleVerifier [0x00007FF735046737+4057191]
GetHandleVerifier [0x00007FF73503E4E3+4023827]
GetHandleVerifier [0x00007FF734D104F9+689705]
(No symbol) [0x00007FF734BEC048]
(No symbol) [0x00007FF734BE8044]
(No symbol) [0x00007FF734BE81C9]
(No symbol) [0x00007FF734BD88C4]
BaseThreadInitThunk [0x00007FFD9E77257D+29]
RtlUserThreadStart [0x00007FFDA048AA58+40]
]]>
            </message>
            <full-stacktrace>
              <![CDATA[org.openqa.selenium.SessionNotCreatedException: session not created: This version of ChromeDriver only supports Chrome version 120
Current browser version is 122.0.6261.129 with binary path C:\Program Files\Google\Chrome\Application\chrome.exe
Build info: version: '3.141.59', revision: 'e82be7d358', time: '2018-11-14T08:17:03'
System info: host: 'DESKTOP-PPED12M', ip: '192.168.0.132', os.name: 'Windows 11', os.arch: 'amd64', os.version: '10.0', java.version: '17.0.9'
Driver info: driver.version: ChromeDriver
remote stacktrace: GetHandleVerifier [0x00007FF734FC2142+3514994]
(No symbol) [0x00007FF734BE0CE2]
(No symbol) [0x00007FF734A876AA]
(No symbol) [0x00007FF734AC17E2]
(No symbol) [0x00007FF734AC0ADD]
(No symbol) [0x00007FF734ABB9DF]
(No symbol) [0x00007FF734AB7F52]
(No symbol) [0x00007FF734B00AB4]
(No symbol) [0x00007FF734AF5D93]
(No symbol) [0x00007FF734AC4BDC]
(No symbol) [0x00007FF734AC5C64]
GetHandleVerifier [0x00007FF734FEE16B+3695259]
GetHandleVerifier [0x00007FF735046737+4057191]
GetHandleVerifier [0x00007FF73503E4E3+4023827]
GetHandleVerifier [0x00007FF734D104F9+689705]
(No symbol) [0x00007FF734BEC048]
(No symbol) [0x00007FF734BE8044]
(No symbol) [0x00007FF734BE81C9]
(No symbol) [0x00007FF734BD88C4]
BaseThreadInitThunk [0x00007FFD9E77257D+29]
RtlUserThreadStart [0x00007FFDA048AA58+40]

at java.base/jdk.internal.reflect.NativeConstructorAccessorImpl.newInstance0(Native Method)
at java.base/jdk.internal.reflect.NativeConstructorAccessorImpl.newInstance(NativeConstructorAccessorImpl.java:77)
at java.base/jdk.internal.reflect.DelegatingConstructorAccessorImpl.newInstance(DelegatingConstructorAccessorImpl.java:45)
at java.base/java.lang.reflect.Constructor.newInstanceWithCaller(Constructor.java:499)
at java.base/java.lang.reflect.Constructor.newInstance(Constructor.java:480)
at org.openqa.selenium.remote.W3CHandshakeResponse.lambda$errorHandler$0(W3CHandshakeResponse.java:62)
at org.openqa.selenium.remote.HandshakeResponse.lambda$getResponseFunction$0(HandshakeResponse.java:30)
at org.openqa.selenium.remote.ProtocolHandshake.lambda$createSession$0(ProtocolHandshake.java:126)
at java.base/java.util.stream.ReferencePipeline$3$1.accept(ReferencePipeline.java:197)
at java.base/java.util.Spliterators$ArraySpliterator.tryAdvance(Spliterators.java:1002)
at java.base/java.util.stream.ReferencePipeline.forEachWithCancel(ReferencePipeline.java:129)
at java.base/java.util.stream.AbstractPipeline.copyIntoWithCancel(AbstractPipeline.java:527)
at java.base/java.util.stream.AbstractPipeline.copyInto(AbstractPipeline.java:513)
at java.base/java.util.stream.AbstractPipeline.wrapAndCopyInto(AbstractPipeline.java:499)
at java.base/java.util.stream.FindOps$FindOp.evaluateSequential(FindOps.java:150)
at java.base/java.util.stream.AbstractPipeline.evaluate(AbstractPipeline.java:234)
at java.base/java.util.stream.ReferencePipeline.findFirst(ReferencePipeline.java:647)
at org.openqa.selenium.remote.ProtocolHandshake.createSession(ProtocolHandshake.java:128)
at org.openqa.selenium.remote.ProtocolHandshake.createSession(ProtocolHandshake.java:74)
at org.openqa.selenium.remote.HttpCommandExecutor.execute(HttpCommandExecutor.java:136)
at org.openqa.selenium.remote.service.DriverCommandExecutor.execute(DriverCommandExecutor.java:83)
at org.openqa.selenium.remote.RemoteWebDriver.execute(RemoteWebDriver.java:552)
at org.openqa.selenium.remote.RemoteWebDriver.startSession(RemoteWebDriver.java:213)
at org.openqa.selenium.remote.RemoteWebDriver.<init>(RemoteWebDriver.java:131)
at org.openqa.selenium.chrome.ChromeDriver.<init>(ChromeDriver.java:181)
at org.openqa.selenium.chrome.ChromeDriver.<init>(ChromeDriver.java:168)
at org.openqa.selenium.chrome.ChromeDriver.<init>(ChromeDriver.java:123)
at com.Rigbot_Genarics.BaseClass.openbrowser(BaseClass.java:42)
at java.base/jdk.internal.reflect.NativeMethodAccessorImpl.invoke0(Native Method)
at java.base/jdk.internal.reflect.NativeMethodAccessorImpl.invoke(NativeMethodAccessorImpl.java:77)
at java.base/jdk.internal.reflect.DelegatingMethodAccessorImpl.invoke(DelegatingMethodAccessorImpl.java:43)
at java.base/java.lang.reflect.Method.invoke(Method.java:568)
at org.testng.internal.MethodInvocationHelper.invokeMethod(MethodInvocationHelper.java:133)
at org.testng.internal.MethodInvocationHelper.invokeMethodConsideringTimeout(MethodInvocationHelper.java:62)
at org.testng.internal.ConfigInvoker.invokeConfigurationMethod(ConfigInvoker.java:385)
at org.testng.internal.ConfigInvoker.invokeConfigurations(ConfigInvoker.java:321)
at org.testng.internal.TestMethodWorker.invokeBeforeClassMethods(TestMethodWorker.java:176)
at org.testng.internal.TestMethodWorker.run(TestMethodWorker.java:122)
at java.base/java.util.ArrayList.forEach(ArrayList.java:1511)
at org.testng.TestRunner.privateRun(TestRunner.java:794)
at org.testng.TestRunner.run(TestRunner.java:596)
at org.testng.SuiteRunner.runTest(SuiteRunner.java:377)
at org.testng.SuiteRunner.runSequentially(SuiteRunner.java:371)
at org.testng.SuiteRunner.privateRun(SuiteRunner.java:332)
at org.testng.SuiteRunner.run(SuiteRunner.java:276)
at org.testng.SuiteRunnerWorker.runSuite(SuiteRunnerWorker.java:53)
at org.testng.SuiteRunnerWorker.run(SuiteRunnerWorker.java:96)
at org.testng.TestNG.runSuitesSequentially(TestNG.java:1212)
at org.testng.TestNG.runSuitesLocally(TestNG.java:1134)
at org.testng.TestNG.runSuites(TestNG.java:1063)
at org.testng.TestNG.run(TestNG.java:1031)
at org.testng.remote.AbstractRemoteTestNG.run(AbstractRemoteTestNG.java:115)
at org.testng.remote.RemoteTestNG.initAndRun(RemoteTestNG.java:251)
at org.testng.remote.RemoteTestNG.main(RemoteTestNG.java:77)
]]>
            </full-stacktrace>
          </exception> <!-- org.openqa.selenium.SessionNotCreatedException -->
          <reporter-output>
          </reporter-output>
        </test-method> <!-- test_Load_Screen_Default_filters -->
        <test-method is-config="true" signature="logout()[pri:0, instance:com.Rigbot_Test_Scripts.Loads.Filters.Default_Filters@4310d43]" started-at="2024-03-17T15:29:58 IST" name="logout" finished-at="1970-01-01T05:30:00 IST" duration-ms="-1710669598388" status="SKIP">
          <reporter-output>
          </reporter-output>
        </test-method> <!-- logout -->
        <test-method is-config="true" signature="closeapp()[pri:0, instance:com.Rigbot_Test_Scripts.Loads.Filters.Default_Filters@4310d43]" started-at="2024-03-17T15:29:58 IST" name="closeapp" finished-at="1970-01-01T05:30:00 IST" duration-ms="-1710669598389" status="SKIP">
          <reporter-output>
          </reporter-output>
        </test-method> <!-- closeapp -->
      </class> <!-- com.Rigbot_Test_Scripts.Loads.Filters.Default_Filters -->
      <class name="com.Rigbot_Test_Scripts.Loads.Quick_Setup.Quick_Setup">
        <test-method is-config="true" signature="report()[pri:0, instance:com.Rigbot_Test_Scripts.Loads.Quick_Setup.Quick_Setup@6253c26]" started-at="2024-03-17T15:29:53 IST" name="report" finished-at="2024-03-17T15:29:54 IST" duration-ms="282" status="PASS">
          <reporter-output>
          </reporter-output>
        </test-method> <!-- report -->
        <test-method is-config="true" signature="openbrowser()[pri:0, instance:com.Rigbot_Test_Scripts.Loads.Quick_Setup.Quick_Setup@6253c26]" started-at="2024-03-17T15:29:54 IST" name="openbrowser" finished-at="2024-03-17T15:29:56 IST" duration-ms="2402" status="FAIL">
          <exception class="org.openqa.selenium.SessionNotCreatedException">
            <message>
              <![CDATA[session not created: This version of ChromeDriver only supports Chrome version 120
Current browser version is 122.0.6261.129 with binary path C:\Program Files\Google\Chrome\Application\chrome.exe
Build info: version: '3.141.59', revision: 'e82be7d358', time: '2018-11-14T08:17:03'
System info: host: 'DESKTOP-PPED12M', ip: '192.168.0.132', os.name: 'Windows 11', os.arch: 'amd64', os.version: '10.0', java.version: '17.0.9'
Driver info: driver.version: ChromeDriver
remote stacktrace: GetHandleVerifier [0x00007FF734FC2142+3514994]
(No symbol) [0x00007FF734BE0CE2]
(No symbol) [0x00007FF734A876AA]
(No symbol) [0x00007FF734AC17E2]
(No symbol) [0x00007FF734AC0ADD]
(No symbol) [0x00007FF734ABB9DF]
(No symbol) [0x00007FF734AB7F52]
(No symbol) [0x00007FF734B00AB4]
(No symbol) [0x00007FF734AF5D93]
(No symbol) [0x00007FF734AC4BDC]
(No symbol) [0x00007FF734AC5C64]
GetHandleVerifier [0x00007FF734FEE16B+3695259]
GetHandleVerifier [0x00007FF735046737+4057191]
GetHandleVerifier [0x00007FF73503E4E3+4023827]
GetHandleVerifier [0x00007FF734D104F9+689705]
(No symbol) [0x00007FF734BEC048]
(No symbol) [0x00007FF734BE8044]
(No symbol) [0x00007FF734BE81C9]
(No symbol) [0x00007FF734BD88C4]
BaseThreadInitThunk [0x00007FFD9E77257D+29]
RtlUserThreadStart [0x00007FFDA048AA58+40]
]]>
            </message>
            <full-stacktrace>
              <![CDATA[org.openqa.selenium.SessionNotCreatedException: session not created: This version of ChromeDriver only supports Chrome version 120
Current browser version is 122.0.6261.129 with binary path C:\Program Files\Google\Chrome\Application\chrome.exe
Build info: version: '3.141.59', revision: 'e82be7d358', time: '2018-11-14T08:17:03'
System info: host: 'DESKTOP-PPED12M', ip: '192.168.0.132', os.name: 'Windows 11', os.arch: 'amd64', os.version: '10.0', java.version: '17.0.9'
Driver info: driver.version: ChromeDriver
remote stacktrace: GetHandleVerifier [0x00007FF734FC2142+3514994]
(No symbol) [0x00007FF734BE0CE2]
(No symbol) [0x00007FF734A876AA]
(No symbol) [0x00007FF734AC17E2]
(No symbol) [0x00007FF734AC0ADD]
(No symbol) [0x00007FF734ABB9DF]
(No symbol) [0x00007FF734AB7F52]
(No symbol) [0x00007FF734B00AB4]
(No symbol) [0x00007FF734AF5D93]
(No symbol) [0x00007FF734AC4BDC]
(No symbol) [0x00007FF734AC5C64]
GetHandleVerifier [0x00007FF734FEE16B+3695259]
GetHandleVerifier [0x00007FF735046737+4057191]
GetHandleVerifier [0x00007FF73503E4E3+4023827]
GetHandleVerifier [0x00007FF734D104F9+689705]
(No symbol) [0x00007FF734BEC048]
(No symbol) [0x00007FF734BE8044]
(No symbol) [0x00007FF734BE81C9]
(No symbol) [0x00007FF734BD88C4]
BaseThreadInitThunk [0x00007FFD9E77257D+29]
RtlUserThreadStart [0x00007FFDA048AA58+40]

at java.base/jdk.internal.reflect.NativeConstructorAccessorImpl.newInstance0(Native Method)
at java.base/jdk.internal.reflect.NativeConstructorAccessorImpl.newInstance(NativeConstructorAccessorImpl.java:77)
at java.base/jdk.internal.reflect.DelegatingConstructorAccessorImpl.newInstance(DelegatingConstructorAccessorImpl.java:45)
at java.base/java.lang.reflect.Constructor.newInstanceWithCaller(Constructor.java:499)
at java.base/java.lang.reflect.Constructor.newInstance(Constructor.java:480)
at org.openqa.selenium.remote.W3CHandshakeResponse.lambda$errorHandler$0(W3CHandshakeResponse.java:62)
at org.openqa.selenium.remote.HandshakeResponse.lambda$getResponseFunction$0(HandshakeResponse.java:30)
at org.openqa.selenium.remote.ProtocolHandshake.lambda$createSession$0(ProtocolHandshake.java:126)
at java.base/java.util.stream.ReferencePipeline$3$1.accept(ReferencePipeline.java:197)
at java.base/java.util.Spliterators$ArraySpliterator.tryAdvance(Spliterators.java:1002)
at java.base/java.util.stream.ReferencePipeline.forEachWithCancel(ReferencePipeline.java:129)
at java.base/java.util.stream.AbstractPipeline.copyIntoWithCancel(AbstractPipeline.java:527)
at java.base/java.util.stream.AbstractPipeline.copyInto(AbstractPipeline.java:513)
at java.base/java.util.stream.AbstractPipeline.wrapAndCopyInto(AbstractPipeline.java:499)
at java.base/java.util.stream.FindOps$FindOp.evaluateSequential(FindOps.java:150)
at java.base/java.util.stream.AbstractPipeline.evaluate(AbstractPipeline.java:234)
at java.base/java.util.stream.ReferencePipeline.findFirst(ReferencePipeline.java:647)
at org.openqa.selenium.remote.ProtocolHandshake.createSession(ProtocolHandshake.java:128)
at org.openqa.selenium.remote.ProtocolHandshake.createSession(ProtocolHandshake.java:74)
at org.openqa.selenium.remote.HttpCommandExecutor.execute(HttpCommandExecutor.java:136)
at org.openqa.selenium.remote.service.DriverCommandExecutor.execute(DriverCommandExecutor.java:83)
at org.openqa.selenium.remote.RemoteWebDriver.execute(RemoteWebDriver.java:552)
at org.openqa.selenium.remote.RemoteWebDriver.startSession(RemoteWebDriver.java:213)
at org.openqa.selenium.remote.RemoteWebDriver.<init>(RemoteWebDriver.java:131)
at org.openqa.selenium.chrome.ChromeDriver.<init>(ChromeDriver.java:181)
at org.openqa.selenium.chrome.ChromeDriver.<init>(ChromeDriver.java:168)
at org.openqa.selenium.chrome.ChromeDriver.<init>(ChromeDriver.java:123)
at com.Rigbot_Genarics.BaseClass.openbrowser(BaseClass.java:42)
at java.base/jdk.internal.reflect.NativeMethodAccessorImpl.invoke0(Native Method)
at java.base/jdk.internal.reflect.NativeMethodAccessorImpl.invoke(NativeMethodAccessorImpl.java:77)
at java.base/jdk.internal.reflect.DelegatingMethodAccessorImpl.invoke(DelegatingMethodAccessorImpl.java:43)
at java.base/java.lang.reflect.Method.invoke(Method.java:568)
at org.testng.internal.MethodInvocationHelper.invokeMethod(MethodInvocationHelper.java:133)
at org.testng.internal.MethodInvocationHelper.invokeMethodConsideringTimeout(MethodInvocationHelper.java:62)
at org.testng.internal.ConfigInvoker.invokeConfigurationMethod(ConfigInvoker.java:385)
at org.testng.internal.ConfigInvoker.invokeConfigurations(ConfigInvoker.java:321)
at org.testng.internal.TestMethodWorker.invokeBeforeClassMethods(TestMethodWorker.java:176)
at org.testng.internal.TestMethodWorker.run(TestMethodWorker.java:122)
at java.base/java.util.ArrayList.forEach(ArrayList.java:1511)
at org.testng.TestRunner.privateRun(TestRunner.java:794)
at org.testng.TestRunner.run(TestRunner.java:596)
at org.testng.SuiteRunner.runTest(SuiteRunner.java:377)
at org.testng.SuiteRunner.runSequentially(SuiteRunner.java:371)
at org.testng.SuiteRunner.privateRun(SuiteRunner.java:332)
at org.testng.SuiteRunner.run(SuiteRunner.java:276)
at org.testng.SuiteRunnerWorker.runSuite(SuiteRunnerWorker.java:53)
at org.testng.SuiteRunnerWorker.run(SuiteRunnerWorker.java:96)
at org.testng.TestNG.runSuitesSequentially(TestNG.java:1212)
at org.testng.TestNG.runSuitesLocally(TestNG.java:1134)
at org.testng.TestNG.runSuites(TestNG.java:1063)
at org.testng.TestNG.run(TestNG.java:1031)
at org.testng.remote.AbstractRemoteTestNG.run(AbstractRemoteTestNG.java:115)
at org.testng.remote.RemoteTestNG.initAndRun(RemoteTestNG.java:251)
at org.testng.remote.RemoteTestNG.main(RemoteTestNG.java:77)
]]>
            </full-stacktrace>
          </exception> <!-- org.openqa.selenium.SessionNotCreatedException -->
          <reporter-output>
          </reporter-output>
        </test-method> <!-- openbrowser -->
        <test-method is-config="true" signature="login()[pri:0, instance:com.Rigbot_Test_Scripts.Loads.Quick_Setup.Quick_Setup@6253c26]" started-at="2024-03-17T15:29:56 IST" name="login" finished-at="1970-01-01T05:30:00 IST" duration-ms="-1710669596695" status="SKIP">
          <reporter-output>
          </reporter-output>
        </test-method> <!-- login -->
        <test-method signature="test_Quick_Setup()[pri:0, instance:com.Rigbot_Test_Scripts.Loads.Quick_Setup.Quick_Setup@6253c26]" started-at="2024-03-17T15:29:56 IST" name="test_Quick_Setup" finished-at="2024-03-17T15:29:56 IST" duration-ms="0" status="SKIP">
          <exception class="org.openqa.selenium.SessionNotCreatedException">
            <message>
              <![CDATA[session not created: This version of ChromeDriver only supports Chrome version 120
Current browser version is 122.0.6261.129 with binary path C:\Program Files\Google\Chrome\Application\chrome.exe
Build info: version: '3.141.59', revision: 'e82be7d358', time: '2018-11-14T08:17:03'
System info: host: 'DESKTOP-PPED12M', ip: '192.168.0.132', os.name: 'Windows 11', os.arch: 'amd64', os.version: '10.0', java.version: '17.0.9'
Driver info: driver.version: ChromeDriver
remote stacktrace: GetHandleVerifier [0x00007FF734FC2142+3514994]
(No symbol) [0x00007FF734BE0CE2]
(No symbol) [0x00007FF734A876AA]
(No symbol) [0x00007FF734AC17E2]
(No symbol) [0x00007FF734AC0ADD]
(No symbol) [0x00007FF734ABB9DF]
(No symbol) [0x00007FF734AB7F52]
(No symbol) [0x00007FF734B00AB4]
(No symbol) [0x00007FF734AF5D93]
(No symbol) [0x00007FF734AC4BDC]
(No symbol) [0x00007FF734AC5C64]
GetHandleVerifier [0x00007FF734FEE16B+3695259]
GetHandleVerifier [0x00007FF735046737+4057191]
GetHandleVerifier [0x00007FF73503E4E3+4023827]
GetHandleVerifier [0x00007FF734D104F9+689705]
(No symbol) [0x00007FF734BEC048]
(No symbol) [0x00007FF734BE8044]
(No symbol) [0x00007FF734BE81C9]
(No symbol) [0x00007FF734BD88C4]
BaseThreadInitThunk [0x00007FFD9E77257D+29]
RtlUserThreadStart [0x00007FFDA048AA58+40]
]]>
            </message>
            <full-stacktrace>
              <![CDATA[org.openqa.selenium.SessionNotCreatedException: session not created: This version of ChromeDriver only supports Chrome version 120
Current browser version is 122.0.6261.129 with binary path C:\Program Files\Google\Chrome\Application\chrome.exe
Build info: version: '3.141.59', revision: 'e82be7d358', time: '2018-11-14T08:17:03'
System info: host: 'DESKTOP-PPED12M', ip: '192.168.0.132', os.name: 'Windows 11', os.arch: 'amd64', os.version: '10.0', java.version: '17.0.9'
Driver info: driver.version: ChromeDriver
remote stacktrace: GetHandleVerifier [0x00007FF734FC2142+3514994]
(No symbol) [0x00007FF734BE0CE2]
(No symbol) [0x00007FF734A876AA]
(No symbol) [0x00007FF734AC17E2]
(No symbol) [0x00007FF734AC0ADD]
(No symbol) [0x00007FF734ABB9DF]
(No symbol) [0x00007FF734AB7F52]
(No symbol) [0x00007FF734B00AB4]
(No symbol) [0x00007FF734AF5D93]
(No symbol) [0x00007FF734AC4BDC]
(No symbol) [0x00007FF734AC5C64]
GetHandleVerifier [0x00007FF734FEE16B+3695259]
GetHandleVerifier [0x00007FF735046737+4057191]
GetHandleVerifier [0x00007FF73503E4E3+4023827]
GetHandleVerifier [0x00007FF734D104F9+689705]
(No symbol) [0x00007FF734BEC048]
(No symbol) [0x00007FF734BE8044]
(No symbol) [0x00007FF734BE81C9]
(No symbol) [0x00007FF734BD88C4]
BaseThreadInitThunk [0x00007FFD9E77257D+29]
RtlUserThreadStart [0x00007FFDA048AA58+40]

at java.base/jdk.internal.reflect.NativeConstructorAccessorImpl.newInstance0(Native Method)
at java.base/jdk.internal.reflect.NativeConstructorAccessorImpl.newInstance(NativeConstructorAccessorImpl.java:77)
at java.base/jdk.internal.reflect.DelegatingConstructorAccessorImpl.newInstance(DelegatingConstructorAccessorImpl.java:45)
at java.base/java.lang.reflect.Constructor.newInstanceWithCaller(Constructor.java:499)
at java.base/java.lang.reflect.Constructor.newInstance(Constructor.java:480)
at org.openqa.selenium.remote.W3CHandshakeResponse.lambda$errorHandler$0(W3CHandshakeResponse.java:62)
at org.openqa.selenium.remote.HandshakeResponse.lambda$getResponseFunction$0(HandshakeResponse.java:30)
at org.openqa.selenium.remote.ProtocolHandshake.lambda$createSession$0(ProtocolHandshake.java:126)
at java.base/java.util.stream.ReferencePipeline$3$1.accept(ReferencePipeline.java:197)
at java.base/java.util.Spliterators$ArraySpliterator.tryAdvance(Spliterators.java:1002)
at java.base/java.util.stream.ReferencePipeline.forEachWithCancel(ReferencePipeline.java:129)
at java.base/java.util.stream.AbstractPipeline.copyIntoWithCancel(AbstractPipeline.java:527)
at java.base/java.util.stream.AbstractPipeline.copyInto(AbstractPipeline.java:513)
at java.base/java.util.stream.AbstractPipeline.wrapAndCopyInto(AbstractPipeline.java:499)
at java.base/java.util.stream.FindOps$FindOp.evaluateSequential(FindOps.java:150)
at java.base/java.util.stream.AbstractPipeline.evaluate(AbstractPipeline.java:234)
at java.base/java.util.stream.ReferencePipeline.findFirst(ReferencePipeline.java:647)
at org.openqa.selenium.remote.ProtocolHandshake.createSession(ProtocolHandshake.java:128)
at org.openqa.selenium.remote.ProtocolHandshake.createSession(ProtocolHandshake.java:74)
at org.openqa.selenium.remote.HttpCommandExecutor.execute(HttpCommandExecutor.java:136)
at org.openqa.selenium.remote.service.DriverCommandExecutor.execute(DriverCommandExecutor.java:83)
at org.openqa.selenium.remote.RemoteWebDriver.execute(RemoteWebDriver.java:552)
at org.openqa.selenium.remote.RemoteWebDriver.startSession(RemoteWebDriver.java:213)
at org.openqa.selenium.remote.RemoteWebDriver.<init>(RemoteWebDriver.java:131)
at org.openqa.selenium.chrome.ChromeDriver.<init>(ChromeDriver.java:181)
at org.openqa.selenium.chrome.ChromeDriver.<init>(ChromeDriver.java:168)
at org.openqa.selenium.chrome.ChromeDriver.<init>(ChromeDriver.java:123)
at com.Rigbot_Genarics.BaseClass.openbrowser(BaseClass.java:42)
at java.base/jdk.internal.reflect.NativeMethodAccessorImpl.invoke0(Native Method)
at java.base/jdk.internal.reflect.NativeMethodAccessorImpl.invoke(NativeMethodAccessorImpl.java:77)
at java.base/jdk.internal.reflect.DelegatingMethodAccessorImpl.invoke(DelegatingMethodAccessorImpl.java:43)
at java.base/java.lang.reflect.Method.invoke(Method.java:568)
at org.testng.internal.MethodInvocationHelper.invokeMethod(MethodInvocationHelper.java:133)
at org.testng.internal.MethodInvocationHelper.invokeMethodConsideringTimeout(MethodInvocationHelper.java:62)
at org.testng.internal.ConfigInvoker.invokeConfigurationMethod(ConfigInvoker.java:385)
at org.testng.internal.ConfigInvoker.invokeConfigurations(ConfigInvoker.java:321)
at org.testng.internal.TestMethodWorker.invokeBeforeClassMethods(TestMethodWorker.java:176)
at org.testng.internal.TestMethodWorker.run(TestMethodWorker.java:122)
at java.base/java.util.ArrayList.forEach(ArrayList.java:1511)
at org.testng.TestRunner.privateRun(TestRunner.java:794)
at org.testng.TestRunner.run(TestRunner.java:596)
at org.testng.SuiteRunner.runTest(SuiteRunner.java:377)
at org.testng.SuiteRunner.runSequentially(SuiteRunner.java:371)
at org.testng.SuiteRunner.privateRun(SuiteRunner.java:332)
at org.testng.SuiteRunner.run(SuiteRunner.java:276)
at org.testng.SuiteRunnerWorker.runSuite(SuiteRunnerWorker.java:53)
at org.testng.SuiteRunnerWorker.run(SuiteRunnerWorker.java:96)
at org.testng.TestNG.runSuitesSequentially(TestNG.java:1212)
at org.testng.TestNG.runSuitesLocally(TestNG.java:1134)
at org.testng.TestNG.runSuites(TestNG.java:1063)
at org.testng.TestNG.run(TestNG.java:1031)
at org.testng.remote.AbstractRemoteTestNG.run(AbstractRemoteTestNG.java:115)
at org.testng.remote.RemoteTestNG.initAndRun(RemoteTestNG.java:251)
at org.testng.remote.RemoteTestNG.main(RemoteTestNG.java:77)
]]>
            </full-stacktrace>
          </exception> <!-- org.openqa.selenium.SessionNotCreatedException -->
          <reporter-output>
          </reporter-output>
        </test-method> <!-- test_Quick_Setup -->
        <test-method is-config="true" signature="logout()[pri:0, instance:com.Rigbot_Test_Scripts.Loads.Quick_Setup.Quick_Setup@6253c26]" started-at="2024-03-17T15:29:56 IST" name="logout" finished-at="1970-01-01T05:30:00 IST" duration-ms="-1710669596710" status="SKIP">
          <reporter-output>
          </reporter-output>
        </test-method> <!-- logout -->
        <test-method is-config="true" signature="closeapp()[pri:0, instance:com.Rigbot_Test_Scripts.Loads.Quick_Setup.Quick_Setup@6253c26]" started-at="2024-03-17T15:29:56 IST" name="closeapp" finished-at="1970-01-01T05:30:00 IST" duration-ms="-1710669596713" status="SKIP">
          <reporter-output>
          </reporter-output>
        </test-method> <!-- closeapp -->
        <test-method is-config="true" signature="reclose()[pri:0, instance:com.Rigbot_Test_Scripts.Loads.Quick_Setup.Quick_Setup@6253c26]" started-at="2024-03-17T15:29:59 IST" name="reclose" finished-at="2024-03-17T15:29:59 IST" duration-ms="288" status="PASS">
          <reporter-output>
          </reporter-output>
        </test-method> <!-- reclose -->
      </class> <!-- com.Rigbot_Test_Scripts.Loads.Quick_Setup.Quick_Setup -->
      <class name="com.Rigbot_Test_Scripts.Invoice.Invoice_Default_filters">
        <test-method is-config="true" signature="openbrowser()[pri:0, instance:com.Rigbot_Test_Scripts.Invoice.Invoice_Default_filters@61001b64]" started-at="2024-03-17T15:29:56 IST" name="openbrowser" finished-at="2024-03-17T15:29:57 IST" duration-ms="853" status="FAIL">
          <exception class="org.openqa.selenium.SessionNotCreatedException">
            <message>
              <![CDATA[session not created: This version of ChromeDriver only supports Chrome version 120
Current browser version is 122.0.6261.129 with binary path C:\Program Files\Google\Chrome\Application\chrome.exe
Build info: version: '3.141.59', revision: 'e82be7d358', time: '2018-11-14T08:17:03'
System info: host: 'DESKTOP-PPED12M', ip: '192.168.0.132', os.name: 'Windows 11', os.arch: 'amd64', os.version: '10.0', java.version: '17.0.9'
Driver info: driver.version: ChromeDriver
remote stacktrace: GetHandleVerifier [0x00007FF734FC2142+3514994]
(No symbol) [0x00007FF734BE0CE2]
(No symbol) [0x00007FF734A876AA]
(No symbol) [0x00007FF734AC17E2]
(No symbol) [0x00007FF734AC0ADD]
(No symbol) [0x00007FF734ABB9DF]
(No symbol) [0x00007FF734AB7F52]
(No symbol) [0x00007FF734B00AB4]
(No symbol) [0x00007FF734AF5D93]
(No symbol) [0x00007FF734AC4BDC]
(No symbol) [0x00007FF734AC5C64]
GetHandleVerifier [0x00007FF734FEE16B+3695259]
GetHandleVerifier [0x00007FF735046737+4057191]
GetHandleVerifier [0x00007FF73503E4E3+4023827]
GetHandleVerifier [0x00007FF734D104F9+689705]
(No symbol) [0x00007FF734BEC048]
(No symbol) [0x00007FF734BE8044]
(No symbol) [0x00007FF734BE81C9]
(No symbol) [0x00007FF734BD88C4]
BaseThreadInitThunk [0x00007FFD9E77257D+29]
RtlUserThreadStart [0x00007FFDA048AA58+40]
]]>
            </message>
            <full-stacktrace>
              <![CDATA[org.openqa.selenium.SessionNotCreatedException: session not created: This version of ChromeDriver only supports Chrome version 120
Current browser version is 122.0.6261.129 with binary path C:\Program Files\Google\Chrome\Application\chrome.exe
Build info: version: '3.141.59', revision: 'e82be7d358', time: '2018-11-14T08:17:03'
System info: host: 'DESKTOP-PPED12M', ip: '192.168.0.132', os.name: 'Windows 11', os.arch: 'amd64', os.version: '10.0', java.version: '17.0.9'
Driver info: driver.version: ChromeDriver
remote stacktrace: GetHandleVerifier [0x00007FF734FC2142+3514994]
(No symbol) [0x00007FF734BE0CE2]
(No symbol) [0x00007FF734A876AA]
(No symbol) [0x00007FF734AC17E2]
(No symbol) [0x00007FF734AC0ADD]
(No symbol) [0x00007FF734ABB9DF]
(No symbol) [0x00007FF734AB7F52]
(No symbol) [0x00007FF734B00AB4]
(No symbol) [0x00007FF734AF5D93]
(No symbol) [0x00007FF734AC4BDC]
(No symbol) [0x00007FF734AC5C64]
GetHandleVerifier [0x00007FF734FEE16B+3695259]
GetHandleVerifier [0x00007FF735046737+4057191]
GetHandleVerifier [0x00007FF73503E4E3+4023827]
GetHandleVerifier [0x00007FF734D104F9+689705]
(No symbol) [0x00007FF734BEC048]
(No symbol) [0x00007FF734BE8044]
(No symbol) [0x00007FF734BE81C9]
(No symbol) [0x00007FF734BD88C4]
BaseThreadInitThunk [0x00007FFD9E77257D+29]
RtlUserThreadStart [0x00007FFDA048AA58+40]

at java.base/jdk.internal.reflect.NativeConstructorAccessorImpl.newInstance0(Native Method)
at java.base/jdk.internal.reflect.NativeConstructorAccessorImpl.newInstance(NativeConstructorAccessorImpl.java:77)
at java.base/jdk.internal.reflect.DelegatingConstructorAccessorImpl.newInstance(DelegatingConstructorAccessorImpl.java:45)
at java.base/java.lang.reflect.Constructor.newInstanceWithCaller(Constructor.java:499)
at java.base/java.lang.reflect.Constructor.newInstance(Constructor.java:480)
at org.openqa.selenium.remote.W3CHandshakeResponse.lambda$errorHandler$0(W3CHandshakeResponse.java:62)
at org.openqa.selenium.remote.HandshakeResponse.lambda$getResponseFunction$0(HandshakeResponse.java:30)
at org.openqa.selenium.remote.ProtocolHandshake.lambda$createSession$0(ProtocolHandshake.java:126)
at java.base/java.util.stream.ReferencePipeline$3$1.accept(ReferencePipeline.java:197)
at java.base/java.util.Spliterators$ArraySpliterator.tryAdvance(Spliterators.java:1002)
at java.base/java.util.stream.ReferencePipeline.forEachWithCancel(ReferencePipeline.java:129)
at java.base/java.util.stream.AbstractPipeline.copyIntoWithCancel(AbstractPipeline.java:527)
at java.base/java.util.stream.AbstractPipeline.copyInto(AbstractPipeline.java:513)
at java.base/java.util.stream.AbstractPipeline.wrapAndCopyInto(AbstractPipeline.java:499)
at java.base/java.util.stream.FindOps$FindOp.evaluateSequential(FindOps.java:150)
at java.base/java.util.stream.AbstractPipeline.evaluate(AbstractPipeline.java:234)
at java.base/java.util.stream.ReferencePipeline.findFirst(ReferencePipeline.java:647)
at org.openqa.selenium.remote.ProtocolHandshake.createSession(ProtocolHandshake.java:128)
at org.openqa.selenium.remote.ProtocolHandshake.createSession(ProtocolHandshake.java:74)
at org.openqa.selenium.remote.HttpCommandExecutor.execute(HttpCommandExecutor.java:136)
at org.openqa.selenium.remote.service.DriverCommandExecutor.execute(DriverCommandExecutor.java:83)
at org.openqa.selenium.remote.RemoteWebDriver.execute(RemoteWebDriver.java:552)
at org.openqa.selenium.remote.RemoteWebDriver.startSession(RemoteWebDriver.java:213)
at org.openqa.selenium.remote.RemoteWebDriver.<init>(RemoteWebDriver.java:131)
at org.openqa.selenium.chrome.ChromeDriver.<init>(ChromeDriver.java:181)
at org.openqa.selenium.chrome.ChromeDriver.<init>(ChromeDriver.java:168)
at org.openqa.selenium.chrome.ChromeDriver.<init>(ChromeDriver.java:123)
at com.Rigbot_Genarics.BaseClass.openbrowser(BaseClass.java:42)
at java.base/jdk.internal.reflect.NativeMethodAccessorImpl.invoke0(Native Method)
at java.base/jdk.internal.reflect.NativeMethodAccessorImpl.invoke(NativeMethodAccessorImpl.java:77)
at java.base/jdk.internal.reflect.DelegatingMethodAccessorImpl.invoke(DelegatingMethodAccessorImpl.java:43)
at java.base/java.lang.reflect.Method.invoke(Method.java:568)
at org.testng.internal.MethodInvocationHelper.invokeMethod(MethodInvocationHelper.java:133)
at org.testng.internal.MethodInvocationHelper.invokeMethodConsideringTimeout(MethodInvocationHelper.java:62)
at org.testng.internal.ConfigInvoker.invokeConfigurationMethod(ConfigInvoker.java:385)
at org.testng.internal.ConfigInvoker.invokeConfigurations(ConfigInvoker.java:321)
at org.testng.internal.TestMethodWorker.invokeBeforeClassMethods(TestMethodWorker.java:176)
at org.testng.internal.TestMethodWorker.run(TestMethodWorker.java:122)
at java.base/java.util.ArrayList.forEach(ArrayList.java:1511)
at org.testng.TestRunner.privateRun(TestRunner.java:794)
at org.testng.TestRunner.run(TestRunner.java:596)
at org.testng.SuiteRunner.runTest(SuiteRunner.java:377)
at org.testng.SuiteRunner.runSequentially(SuiteRunner.java:371)
at org.testng.SuiteRunner.privateRun(SuiteRunner.java:332)
at org.testng.SuiteRunner.run(SuiteRunner.java:276)
at org.testng.SuiteRunnerWorker.runSuite(SuiteRunnerWorker.java:53)
at org.testng.SuiteRunnerWorker.run(SuiteRunnerWorker.java:96)
at org.testng.TestNG.runSuitesSequentially(TestNG.java:1212)
at org.testng.TestNG.runSuitesLocally(TestNG.java:1134)
at org.testng.TestNG.runSuites(TestNG.java:1063)
at org.testng.TestNG.run(TestNG.java:1031)
at org.testng.remote.AbstractRemoteTestNG.run(AbstractRemoteTestNG.java:115)
at org.testng.remote.RemoteTestNG.initAndRun(RemoteTestNG.java:251)
at org.testng.remote.RemoteTestNG.main(RemoteTestNG.java:77)
]]>
            </full-stacktrace>
          </exception> <!-- org.openqa.selenium.SessionNotCreatedException -->
          <reporter-output>
          </reporter-output>
        </test-method> <!-- openbrowser -->
        <test-method is-config="true" signature="login()[pri:0, instance:com.Rigbot_Test_Scripts.Invoice.Invoice_Default_filters@61001b64]" started-at="2024-03-17T15:29:57 IST" name="login" finished-at="1970-01-01T05:30:00 IST" duration-ms="-1710669597575" status="SKIP">
          <reporter-output>
          </reporter-output>
        </test-method> <!-- login -->
        <test-method signature="test_Invoice_Default_filters()[pri:0, instance:com.Rigbot_Test_Scripts.Invoice.Invoice_Default_filters@61001b64]" started-at="2024-03-17T15:29:57 IST" name="test_Invoice_Default_filters" finished-at="2024-03-17T15:29:57 IST" duration-ms="0" status="SKIP">
          <exception class="org.openqa.selenium.SessionNotCreatedException">
            <message>
              <![CDATA[session not created: This version of ChromeDriver only supports Chrome version 120
Current browser version is 122.0.6261.129 with binary path C:\Program Files\Google\Chrome\Application\chrome.exe
Build info: version: '3.141.59', revision: 'e82be7d358', time: '2018-11-14T08:17:03'
System info: host: 'DESKTOP-PPED12M', ip: '192.168.0.132', os.name: 'Windows 11', os.arch: 'amd64', os.version: '10.0', java.version: '17.0.9'
Driver info: driver.version: ChromeDriver
remote stacktrace: GetHandleVerifier [0x00007FF734FC2142+3514994]
(No symbol) [0x00007FF734BE0CE2]
(No symbol) [0x00007FF734A876AA]
(No symbol) [0x00007FF734AC17E2]
(No symbol) [0x00007FF734AC0ADD]
(No symbol) [0x00007FF734ABB9DF]
(No symbol) [0x00007FF734AB7F52]
(No symbol) [0x00007FF734B00AB4]
(No symbol) [0x00007FF734AF5D93]
(No symbol) [0x00007FF734AC4BDC]
(No symbol) [0x00007FF734AC5C64]
GetHandleVerifier [0x00007FF734FEE16B+3695259]
GetHandleVerifier [0x00007FF735046737+4057191]
GetHandleVerifier [0x00007FF73503E4E3+4023827]
GetHandleVerifier [0x00007FF734D104F9+689705]
(No symbol) [0x00007FF734BEC048]
(No symbol) [0x00007FF734BE8044]
(No symbol) [0x00007FF734BE81C9]
(No symbol) [0x00007FF734BD88C4]
BaseThreadInitThunk [0x00007FFD9E77257D+29]
RtlUserThreadStart [0x00007FFDA048AA58+40]
]]>
            </message>
            <full-stacktrace>
              <![CDATA[org.openqa.selenium.SessionNotCreatedException: session not created: This version of ChromeDriver only supports Chrome version 120
Current browser version is 122.0.6261.129 with binary path C:\Program Files\Google\Chrome\Application\chrome.exe
Build info: version: '3.141.59', revision: 'e82be7d358', time: '2018-11-14T08:17:03'
System info: host: 'DESKTOP-PPED12M', ip: '192.168.0.132', os.name: 'Windows 11', os.arch: 'amd64', os.version: '10.0', java.version: '17.0.9'
Driver info: driver.version: ChromeDriver
remote stacktrace: GetHandleVerifier [0x00007FF734FC2142+3514994]
(No symbol) [0x00007FF734BE0CE2]
(No symbol) [0x00007FF734A876AA]
(No symbol) [0x00007FF734AC17E2]
(No symbol) [0x00007FF734AC0ADD]
(No symbol) [0x00007FF734ABB9DF]
(No symbol) [0x00007FF734AB7F52]
(No symbol) [0x00007FF734B00AB4]
(No symbol) [0x00007FF734AF5D93]
(No symbol) [0x00007FF734AC4BDC]
(No symbol) [0x00007FF734AC5C64]
GetHandleVerifier [0x00007FF734FEE16B+3695259]
GetHandleVerifier [0x00007FF735046737+4057191]
GetHandleVerifier [0x00007FF73503E4E3+4023827]
GetHandleVerifier [0x00007FF734D104F9+689705]
(No symbol) [0x00007FF734BEC048]
(No symbol) [0x00007FF734BE8044]
(No symbol) [0x00007FF734BE81C9]
(No symbol) [0x00007FF734BD88C4]
BaseThreadInitThunk [0x00007FFD9E77257D+29]
RtlUserThreadStart [0x00007FFDA048AA58+40]

at java.base/jdk.internal.reflect.NativeConstructorAccessorImpl.newInstance0(Native Method)
at java.base/jdk.internal.reflect.NativeConstructorAccessorImpl.newInstance(NativeConstructorAccessorImpl.java:77)
at java.base/jdk.internal.reflect.DelegatingConstructorAccessorImpl.newInstance(DelegatingConstructorAccessorImpl.java:45)
at java.base/java.lang.reflect.Constructor.newInstanceWithCaller(Constructor.java:499)
at java.base/java.lang.reflect.Constructor.newInstance(Constructor.java:480)
at org.openqa.selenium.remote.W3CHandshakeResponse.lambda$errorHandler$0(W3CHandshakeResponse.java:62)
at org.openqa.selenium.remote.HandshakeResponse.lambda$getResponseFunction$0(HandshakeResponse.java:30)
at org.openqa.selenium.remote.ProtocolHandshake.lambda$createSession$0(ProtocolHandshake.java:126)
at java.base/java.util.stream.ReferencePipeline$3$1.accept(ReferencePipeline.java:197)
at java.base/java.util.Spliterators$ArraySpliterator.tryAdvance(Spliterators.java:1002)
at java.base/java.util.stream.ReferencePipeline.forEachWithCancel(ReferencePipeline.java:129)
at java.base/java.util.stream.AbstractPipeline.copyIntoWithCancel(AbstractPipeline.java:527)
at java.base/java.util.stream.AbstractPipeline.copyInto(AbstractPipeline.java:513)
at java.base/java.util.stream.AbstractPipeline.wrapAndCopyInto(AbstractPipeline.java:499)
at java.base/java.util.stream.FindOps$FindOp.evaluateSequential(FindOps.java:150)
at java.base/java.util.stream.AbstractPipeline.evaluate(AbstractPipeline.java:234)
at java.base/java.util.stream.ReferencePipeline.findFirst(ReferencePipeline.java:647)
at org.openqa.selenium.remote.ProtocolHandshake.createSession(ProtocolHandshake.java:128)
at org.openqa.selenium.remote.ProtocolHandshake.createSession(ProtocolHandshake.java:74)
at org.openqa.selenium.remote.HttpCommandExecutor.execute(HttpCommandExecutor.java:136)
at org.openqa.selenium.remote.service.DriverCommandExecutor.execute(DriverCommandExecutor.java:83)
at org.openqa.selenium.remote.RemoteWebDriver.execute(RemoteWebDriver.java:552)
at org.openqa.selenium.remote.RemoteWebDriver.startSession(RemoteWebDriver.java:213)
at org.openqa.selenium.remote.RemoteWebDriver.<init>(RemoteWebDriver.java:131)
at org.openqa.selenium.chrome.ChromeDriver.<init>(ChromeDriver.java:181)
at org.openqa.selenium.chrome.ChromeDriver.<init>(ChromeDriver.java:168)
at org.openqa.selenium.chrome.ChromeDriver.<init>(ChromeDriver.java:123)
at com.Rigbot_Genarics.BaseClass.openbrowser(BaseClass.java:42)
at java.base/jdk.internal.reflect.NativeMethodAccessorImpl.invoke0(Native Method)
at java.base/jdk.internal.reflect.NativeMethodAccessorImpl.invoke(NativeMethodAccessorImpl.java:77)
at java.base/jdk.internal.reflect.DelegatingMethodAccessorImpl.invoke(DelegatingMethodAccessorImpl.java:43)
at java.base/java.lang.reflect.Method.invoke(Method.java:568)
at org.testng.internal.MethodInvocationHelper.invokeMethod(MethodInvocationHelper.java:133)
at org.testng.internal.MethodInvocationHelper.invokeMethodConsideringTimeout(MethodInvocationHelper.java:62)
at org.testng.internal.ConfigInvoker.invokeConfigurationMethod(ConfigInvoker.java:385)
at org.testng.internal.ConfigInvoker.invokeConfigurations(ConfigInvoker.java:321)
at org.testng.internal.TestMethodWorker.invokeBeforeClassMethods(TestMethodWorker.java:176)
at org.testng.internal.TestMethodWorker.run(TestMethodWorker.java:122)
at java.base/java.util.ArrayList.forEach(ArrayList.java:1511)
at org.testng.TestRunner.privateRun(TestRunner.java:794)
at org.testng.TestRunner.run(TestRunner.java:596)
at org.testng.SuiteRunner.runTest(SuiteRunner.java:377)
at org.testng.SuiteRunner.runSequentially(SuiteRunner.java:371)
at org.testng.SuiteRunner.privateRun(SuiteRunner.java:332)
at org.testng.SuiteRunner.run(SuiteRunner.java:276)
at org.testng.SuiteRunnerWorker.runSuite(SuiteRunnerWorker.java:53)
at org.testng.SuiteRunnerWorker.run(SuiteRunnerWorker.java:96)
at org.testng.TestNG.runSuitesSequentially(TestNG.java:1212)
at org.testng.TestNG.runSuitesLocally(TestNG.java:1134)
at org.testng.TestNG.runSuites(TestNG.java:1063)
at org.testng.TestNG.run(TestNG.java:1031)
at org.testng.remote.AbstractRemoteTestNG.run(AbstractRemoteTestNG.java:115)
at org.testng.remote.RemoteTestNG.initAndRun(RemoteTestNG.java:251)
at org.testng.remote.RemoteTestNG.main(RemoteTestNG.java:77)
]]>
            </full-stacktrace>
          </exception> <!-- org.openqa.selenium.SessionNotCreatedException -->
          <reporter-output>
          </reporter-output>
        </test-method> <!-- test_Invoice_Default_filters -->
        <test-method is-config="true" signature="logout()[pri:0, instance:com.Rigbot_Test_Scripts.Invoice.Invoice_Default_filters@61001b64]" started-at="2024-03-17T15:29:57 IST" name="logout" finished-at="1970-01-01T05:30:00 IST" duration-ms="-1710669597582" status="SKIP">
          <reporter-output>
          </reporter-output>
        </test-method> <!-- logout -->
        <test-method is-config="true" signature="closeapp()[pri:0, instance:com.Rigbot_Test_Scripts.Invoice.Invoice_Default_filters@61001b64]" started-at="2024-03-17T15:29:57 IST" name="closeapp" finished-at="1970-01-01T05:30:00 IST" duration-ms="-1710669597584" status="SKIP">
          <reporter-output>
          </reporter-output>
        </test-method> <!-- closeapp -->
      </class> <!-- com.Rigbot_Test_Scripts.Invoice.Invoice_Default_filters -->
      <class name="com.Rigbot_Test_Scripts.Invoice.Create_Invoice">
        <test-method is-config="true" signature="openbrowser()[pri:0, instance:com.Rigbot_Test_Scripts.Invoice.Create_Invoice@54a7079e]" started-at="2024-03-17T15:29:58 IST" name="openbrowser" finished-at="2024-03-17T15:29:59 IST" duration-ms="878" status="FAIL">
          <exception class="org.openqa.selenium.SessionNotCreatedException">
            <message>
              <![CDATA[session not created: This version of ChromeDriver only supports Chrome version 120
Current browser version is 122.0.6261.129 with binary path C:\Program Files\Google\Chrome\Application\chrome.exe
Build info: version: '3.141.59', revision: 'e82be7d358', time: '2018-11-14T08:17:03'
System info: host: 'DESKTOP-PPED12M', ip: '192.168.0.132', os.name: 'Windows 11', os.arch: 'amd64', os.version: '10.0', java.version: '17.0.9'
Driver info: driver.version: ChromeDriver
remote stacktrace: GetHandleVerifier [0x00007FF734FC2142+3514994]
(No symbol) [0x00007FF734BE0CE2]
(No symbol) [0x00007FF734A876AA]
(No symbol) [0x00007FF734AC17E2]
(No symbol) [0x00007FF734AC0ADD]
(No symbol) [0x00007FF734ABB9DF]
(No symbol) [0x00007FF734AB7F52]
(No symbol) [0x00007FF734B00AB4]
(No symbol) [0x00007FF734AF5D93]
(No symbol) [0x00007FF734AC4BDC]
(No symbol) [0x00007FF734AC5C64]
GetHandleVerifier [0x00007FF734FEE16B+3695259]
GetHandleVerifier [0x00007FF735046737+4057191]
GetHandleVerifier [0x00007FF73503E4E3+4023827]
GetHandleVerifier [0x00007FF734D104F9+689705]
(No symbol) [0x00007FF734BEC048]
(No symbol) [0x00007FF734BE8044]
(No symbol) [0x00007FF734BE81C9]
(No symbol) [0x00007FF734BD88C4]
BaseThreadInitThunk [0x00007FFD9E77257D+29]
RtlUserThreadStart [0x00007FFDA048AA58+40]
]]>
            </message>
            <full-stacktrace>
              <![CDATA[org.openqa.selenium.SessionNotCreatedException: session not created: This version of ChromeDriver only supports Chrome version 120
Current browser version is 122.0.6261.129 with binary path C:\Program Files\Google\Chrome\Application\chrome.exe
Build info: version: '3.141.59', revision: 'e82be7d358', time: '2018-11-14T08:17:03'
System info: host: 'DESKTOP-PPED12M', ip: '192.168.0.132', os.name: 'Windows 11', os.arch: 'amd64', os.version: '10.0', java.version: '17.0.9'
Driver info: driver.version: ChromeDriver
remote stacktrace: GetHandleVerifier [0x00007FF734FC2142+3514994]
(No symbol) [0x00007FF734BE0CE2]
(No symbol) [0x00007FF734A876AA]
(No symbol) [0x00007FF734AC17E2]
(No symbol) [0x00007FF734AC0ADD]
(No symbol) [0x00007FF734ABB9DF]
(No symbol) [0x00007FF734AB7F52]
(No symbol) [0x00007FF734B00AB4]
(No symbol) [0x00007FF734AF5D93]
(No symbol) [0x00007FF734AC4BDC]
(No symbol) [0x00007FF734AC5C64]
GetHandleVerifier [0x00007FF734FEE16B+3695259]
GetHandleVerifier [0x00007FF735046737+4057191]
GetHandleVerifier [0x00007FF73503E4E3+4023827]
GetHandleVerifier [0x00007FF734D104F9+689705]
(No symbol) [0x00007FF734BEC048]
(No symbol) [0x00007FF734BE8044]
(No symbol) [0x00007FF734BE81C9]
(No symbol) [0x00007FF734BD88C4]
BaseThreadInitThunk [0x00007FFD9E77257D+29]
RtlUserThreadStart [0x00007FFDA048AA58+40]

at java.base/jdk.internal.reflect.NativeConstructorAccessorImpl.newInstance0(Native Method)
at java.base/jdk.internal.reflect.NativeConstructorAccessorImpl.newInstance(NativeConstructorAccessorImpl.java:77)
at java.base/jdk.internal.reflect.DelegatingConstructorAccessorImpl.newInstance(DelegatingConstructorAccessorImpl.java:45)
at java.base/java.lang.reflect.Constructor.newInstanceWithCaller(Constructor.java:499)
at java.base/java.lang.reflect.Constructor.newInstance(Constructor.java:480)
at org.openqa.selenium.remote.W3CHandshakeResponse.lambda$errorHandler$0(W3CHandshakeResponse.java:62)
at org.openqa.selenium.remote.HandshakeResponse.lambda$getResponseFunction$0(HandshakeResponse.java:30)
at org.openqa.selenium.remote.ProtocolHandshake.lambda$createSession$0(ProtocolHandshake.java:126)
at java.base/java.util.stream.ReferencePipeline$3$1.accept(ReferencePipeline.java:197)
at java.base/java.util.Spliterators$ArraySpliterator.tryAdvance(Spliterators.java:1002)
at java.base/java.util.stream.ReferencePipeline.forEachWithCancel(ReferencePipeline.java:129)
at java.base/java.util.stream.AbstractPipeline.copyIntoWithCancel(AbstractPipeline.java:527)
at java.base/java.util.stream.AbstractPipeline.copyInto(AbstractPipeline.java:513)
at java.base/java.util.stream.AbstractPipeline.wrapAndCopyInto(AbstractPipeline.java:499)
at java.base/java.util.stream.FindOps$FindOp.evaluateSequential(FindOps.java:150)
at java.base/java.util.stream.AbstractPipeline.evaluate(AbstractPipeline.java:234)
at java.base/java.util.stream.ReferencePipeline.findFirst(ReferencePipeline.java:647)
at org.openqa.selenium.remote.ProtocolHandshake.createSession(ProtocolHandshake.java:128)
at org.openqa.selenium.remote.ProtocolHandshake.createSession(ProtocolHandshake.java:74)
at org.openqa.selenium.remote.HttpCommandExecutor.execute(HttpCommandExecutor.java:136)
at org.openqa.selenium.remote.service.DriverCommandExecutor.execute(DriverCommandExecutor.java:83)
at org.openqa.selenium.remote.RemoteWebDriver.execute(RemoteWebDriver.java:552)
at org.openqa.selenium.remote.RemoteWebDriver.startSession(RemoteWebDriver.java:213)
at org.openqa.selenium.remote.RemoteWebDriver.<init>(RemoteWebDriver.java:131)
at org.openqa.selenium.chrome.ChromeDriver.<init>(ChromeDriver.java:181)
at org.openqa.selenium.chrome.ChromeDriver.<init>(ChromeDriver.java:168)
at org.openqa.selenium.chrome.ChromeDriver.<init>(ChromeDriver.java:123)
at com.Rigbot_Genarics.BaseClass.openbrowser(BaseClass.java:42)
at java.base/jdk.internal.reflect.NativeMethodAccessorImpl.invoke0(Native Method)
at java.base/jdk.internal.reflect.NativeMethodAccessorImpl.invoke(NativeMethodAccessorImpl.java:77)
at java.base/jdk.internal.reflect.DelegatingMethodAccessorImpl.invoke(DelegatingMethodAccessorImpl.java:43)
at java.base/java.lang.reflect.Method.invoke(Method.java:568)
at org.testng.internal.MethodInvocationHelper.invokeMethod(MethodInvocationHelper.java:133)
at org.testng.internal.MethodInvocationHelper.invokeMethodConsideringTimeout(MethodInvocationHelper.java:62)
at org.testng.internal.ConfigInvoker.invokeConfigurationMethod(ConfigInvoker.java:385)
at org.testng.internal.ConfigInvoker.invokeConfigurations(ConfigInvoker.java:321)
at org.testng.internal.TestMethodWorker.invokeBeforeClassMethods(TestMethodWorker.java:176)
at org.testng.internal.TestMethodWorker.run(TestMethodWorker.java:122)
at java.base/java.util.ArrayList.forEach(ArrayList.java:1511)
at org.testng.TestRunner.privateRun(TestRunner.java:794)
at org.testng.TestRunner.run(TestRunner.java:596)
at org.testng.SuiteRunner.runTest(SuiteRunner.java:377)
at org.testng.SuiteRunner.runSequentially(SuiteRunner.java:371)
at org.testng.SuiteRunner.privateRun(SuiteRunner.java:332)
at org.testng.SuiteRunner.run(SuiteRunner.java:276)
at org.testng.SuiteRunnerWorker.runSuite(SuiteRunnerWorker.java:53)
at org.testng.SuiteRunnerWorker.run(SuiteRunnerWorker.java:96)
at org.testng.TestNG.runSuitesSequentially(TestNG.java:1212)
at org.testng.TestNG.runSuitesLocally(TestNG.java:1134)
at org.testng.TestNG.runSuites(TestNG.java:1063)
at org.testng.TestNG.run(TestNG.java:1031)
at org.testng.remote.AbstractRemoteTestNG.run(AbstractRemoteTestNG.java:115)
at org.testng.remote.RemoteTestNG.initAndRun(RemoteTestNG.java:251)
at org.testng.remote.RemoteTestNG.main(RemoteTestNG.java:77)
]]>
            </full-stacktrace>
          </exception> <!-- org.openqa.selenium.SessionNotCreatedException -->
          <reporter-output>
          </reporter-output>
        </test-method> <!-- openbrowser -->
        <test-method is-config="true" signature="login()[pri:0, instance:com.Rigbot_Test_Scripts.Invoice.Create_Invoice@54a7079e]" started-at="2024-03-17T15:29:59 IST" name="login" finished-at="1970-01-01T05:30:00 IST" duration-ms="-1710669599271" status="SKIP">
          <reporter-output>
          </reporter-output>
        </test-method> <!-- login -->
        <test-method signature="test_invoice()[pri:0, instance:com.Rigbot_Test_Scripts.Invoice.Create_Invoice@54a7079e]" started-at="2024-03-17T15:29:59 IST" name="test_invoice" finished-at="2024-03-17T15:29:59 IST" duration-ms="0" status="SKIP">
          <exception class="org.openqa.selenium.SessionNotCreatedException">
            <message>
              <![CDATA[session not created: This version of ChromeDriver only supports Chrome version 120
Current browser version is 122.0.6261.129 with binary path C:\Program Files\Google\Chrome\Application\chrome.exe
Build info: version: '3.141.59', revision: 'e82be7d358', time: '2018-11-14T08:17:03'
System info: host: 'DESKTOP-PPED12M', ip: '192.168.0.132', os.name: 'Windows 11', os.arch: 'amd64', os.version: '10.0', java.version: '17.0.9'
Driver info: driver.version: ChromeDriver
remote stacktrace: GetHandleVerifier [0x00007FF734FC2142+3514994]
(No symbol) [0x00007FF734BE0CE2]
(No symbol) [0x00007FF734A876AA]
(No symbol) [0x00007FF734AC17E2]
(No symbol) [0x00007FF734AC0ADD]
(No symbol) [0x00007FF734ABB9DF]
(No symbol) [0x00007FF734AB7F52]
(No symbol) [0x00007FF734B00AB4]
(No symbol) [0x00007FF734AF5D93]
(No symbol) [0x00007FF734AC4BDC]
(No symbol) [0x00007FF734AC5C64]
GetHandleVerifier [0x00007FF734FEE16B+3695259]
GetHandleVerifier [0x00007FF735046737+4057191]
GetHandleVerifier [0x00007FF73503E4E3+4023827]
GetHandleVerifier [0x00007FF734D104F9+689705]
(No symbol) [0x00007FF734BEC048]
(No symbol) [0x00007FF734BE8044]
(No symbol) [0x00007FF734BE81C9]
(No symbol) [0x00007FF734BD88C4]
BaseThreadInitThunk [0x00007FFD9E77257D+29]
RtlUserThreadStart [0x00007FFDA048AA58+40]
]]>
            </message>
            <full-stacktrace>
              <![CDATA[org.openqa.selenium.SessionNotCreatedException: session not created: This version of ChromeDriver only supports Chrome version 120
Current browser version is 122.0.6261.129 with binary path C:\Program Files\Google\Chrome\Application\chrome.exe
Build info: version: '3.141.59', revision: 'e82be7d358', time: '2018-11-14T08:17:03'
System info: host: 'DESKTOP-PPED12M', ip: '192.168.0.132', os.name: 'Windows 11', os.arch: 'amd64', os.version: '10.0', java.version: '17.0.9'
Driver info: driver.version: ChromeDriver
remote stacktrace: GetHandleVerifier [0x00007FF734FC2142+3514994]
(No symbol) [0x00007FF734BE0CE2]
(No symbol) [0x00007FF734A876AA]
(No symbol) [0x00007FF734AC17E2]
(No symbol) [0x00007FF734AC0ADD]
(No symbol) [0x00007FF734ABB9DF]
(No symbol) [0x00007FF734AB7F52]
(No symbol) [0x00007FF734B00AB4]
(No symbol) [0x00007FF734AF5D93]
(No symbol) [0x00007FF734AC4BDC]
(No symbol) [0x00007FF734AC5C64]
GetHandleVerifier [0x00007FF734FEE16B+3695259]
GetHandleVerifier [0x00007FF735046737+4057191]
GetHandleVerifier [0x00007FF73503E4E3+4023827]
GetHandleVerifier [0x00007FF734D104F9+689705]
(No symbol) [0x00007FF734BEC048]
(No symbol) [0x00007FF734BE8044]
(No symbol) [0x00007FF734BE81C9]
(No symbol) [0x00007FF734BD88C4]
BaseThreadInitThunk [0x00007FFD9E77257D+29]
RtlUserThreadStart [0x00007FFDA048AA58+40]

at java.base/jdk.internal.reflect.NativeConstructorAccessorImpl.newInstance0(Native Method)
at java.base/jdk.internal.reflect.NativeConstructorAccessorImpl.newInstance(NativeConstructorAccessorImpl.java:77)
at java.base/jdk.internal.reflect.DelegatingConstructorAccessorImpl.newInstance(DelegatingConstructorAccessorImpl.java:45)
at java.base/java.lang.reflect.Constructor.newInstanceWithCaller(Constructor.java:499)
at java.base/java.lang.reflect.Constructor.newInstance(Constructor.java:480)
at org.openqa.selenium.remote.W3CHandshakeResponse.lambda$errorHandler$0(W3CHandshakeResponse.java:62)
at org.openqa.selenium.remote.HandshakeResponse.lambda$getResponseFunction$0(HandshakeResponse.java:30)
at org.openqa.selenium.remote.ProtocolHandshake.lambda$createSession$0(ProtocolHandshake.java:126)
at java.base/java.util.stream.ReferencePipeline$3$1.accept(ReferencePipeline.java:197)
at java.base/java.util.Spliterators$ArraySpliterator.tryAdvance(Spliterators.java:1002)
at java.base/java.util.stream.ReferencePipeline.forEachWithCancel(ReferencePipeline.java:129)
at java.base/java.util.stream.AbstractPipeline.copyIntoWithCancel(AbstractPipeline.java:527)
at java.base/java.util.stream.AbstractPipeline.copyInto(AbstractPipeline.java:513)
at java.base/java.util.stream.AbstractPipeline.wrapAndCopyInto(AbstractPipeline.java:499)
at java.base/java.util.stream.FindOps$FindOp.evaluateSequential(FindOps.java:150)
at java.base/java.util.stream.AbstractPipeline.evaluate(AbstractPipeline.java:234)
at java.base/java.util.stream.ReferencePipeline.findFirst(ReferencePipeline.java:647)
at org.openqa.selenium.remote.ProtocolHandshake.createSession(ProtocolHandshake.java:128)
at org.openqa.selenium.remote.ProtocolHandshake.createSession(ProtocolHandshake.java:74)
at org.openqa.selenium.remote.HttpCommandExecutor.execute(HttpCommandExecutor.java:136)
at org.openqa.selenium.remote.service.DriverCommandExecutor.execute(DriverCommandExecutor.java:83)
at org.openqa.selenium.remote.RemoteWebDriver.execute(RemoteWebDriver.java:552)
at org.openqa.selenium.remote.RemoteWebDriver.startSession(RemoteWebDriver.java:213)
at org.openqa.selenium.remote.RemoteWebDriver.<init>(RemoteWebDriver.java:131)
at org.openqa.selenium.chrome.ChromeDriver.<init>(ChromeDriver.java:181)
at org.openqa.selenium.chrome.ChromeDriver.<init>(ChromeDriver.java:168)
at org.openqa.selenium.chrome.ChromeDriver.<init>(ChromeDriver.java:123)
at com.Rigbot_Genarics.BaseClass.openbrowser(BaseClass.java:42)
at java.base/jdk.internal.reflect.NativeMethodAccessorImpl.invoke0(Native Method)
at java.base/jdk.internal.reflect.NativeMethodAccessorImpl.invoke(NativeMethodAccessorImpl.java:77)
at java.base/jdk.internal.reflect.DelegatingMethodAccessorImpl.invoke(DelegatingMethodAccessorImpl.java:43)
at java.base/java.lang.reflect.Method.invoke(Method.java:568)
at org.testng.internal.MethodInvocationHelper.invokeMethod(MethodInvocationHelper.java:133)
at org.testng.internal.MethodInvocationHelper.invokeMethodConsideringTimeout(MethodInvocationHelper.java:62)
at org.testng.internal.ConfigInvoker.invokeConfigurationMethod(ConfigInvoker.java:385)
at org.testng.internal.ConfigInvoker.invokeConfigurations(ConfigInvoker.java:321)
at org.testng.internal.TestMethodWorker.invokeBeforeClassMethods(TestMethodWorker.java:176)
at org.testng.internal.TestMethodWorker.run(TestMethodWorker.java:122)
at java.base/java.util.ArrayList.forEach(ArrayList.java:1511)
at org.testng.TestRunner.privateRun(TestRunner.java:794)
at org.testng.TestRunner.run(TestRunner.java:596)
at org.testng.SuiteRunner.runTest(SuiteRunner.java:377)
at org.testng.SuiteRunner.runSequentially(SuiteRunner.java:371)
at org.testng.SuiteRunner.privateRun(SuiteRunner.java:332)
at org.testng.SuiteRunner.run(SuiteRunner.java:276)
at org.testng.SuiteRunnerWorker.runSuite(SuiteRunnerWorker.java:53)
at org.testng.SuiteRunnerWorker.run(SuiteRunnerWorker.java:96)
at org.testng.TestNG.runSuitesSequentially(TestNG.java:1212)
at org.testng.TestNG.runSuitesLocally(TestNG.java:1134)
at org.testng.TestNG.runSuites(TestNG.java:1063)
at org.testng.TestNG.run(TestNG.java:1031)
at org.testng.remote.AbstractRemoteTestNG.run(AbstractRemoteTestNG.java:115)
at org.testng.remote.RemoteTestNG.initAndRun(RemoteTestNG.java:251)
at org.testng.remote.RemoteTestNG.main(RemoteTestNG.java:77)
]]>
            </full-stacktrace>
          </exception> <!-- org.openqa.selenium.SessionNotCreatedException -->
          <reporter-output>
          </reporter-output>
        </test-method> <!-- test_invoice -->
        <test-method is-config="true" signature="logout()[pri:0, instance:com.Rigbot_Test_Scripts.Invoice.Create_Invoice@54a7079e]" started-at="2024-03-17T15:29:59 IST" name="logout" finished-at="1970-01-01T05:30:00 IST" duration-ms="-1710669599275" status="SKIP">
          <reporter-output>
          </reporter-output>
        </test-method> <!-- logout -->
        <test-method is-config="true" signature="closeapp()[pri:0, instance:com.Rigbot_Test_Scripts.Invoice.Create_Invoice@54a7079e]" started-at="2024-03-17T15:29:59 IST" name="closeapp" finished-at="1970-01-01T05:30:00 IST" duration-ms="-1710669599276" status="SKIP">
          <reporter-output>
          </reporter-output>
        </test-method> <!-- closeapp -->
      </class> <!-- com.Rigbot_Test_Scripts.Invoice.Create_Invoice -->
    </test> <!-- Test -->
  </suite> <!-- Suite -->
</testng-results>
