<?xml version="1.0" encoding="UTF-8"?>
<!-- Generated by org.testng.reporters.JUnitReportReporter -->
<testsuite hostname="DESKTOP-PPED12M" failures="0" tests="2" name="com.Rigbot_Test_Scripts.Invoice.Create_Invoice" time="0.878" errors="1" timestamp="2024-03-17T15:29:59 IST" skipped="1">
  <testcase classname="com.Rigbot_Test_Scripts.Invoice.Create_Invoice" name="openbrowser" time="0.878">
    <error message="session not created: This version of ChromeDriver only supports Chrome version 120
Current browser version is 122.0.6261.129 with binary path C:\Program Files\Google\Chrome\Application\chrome.exe
Build info: version: &#039;3.141.59&#039;, revision: &#039;e82be7d358&#039;, time: &#039;2018-11-14T08:17:03&#039;
System info: host: &#039;DESKTOP-PPED12M&#039;, ip: &#039;192.168.0.132&#039;, os.name: &#039;Windows 11&#039;, os.arch: &#039;amd64&#039;, os.version: &#039;10.0&#039;, java.version: &#039;17.0.9&#039;
Driver info: driver.version: ChromeDriver
remote stacktrace: 	GetHandleVerifier [0x00007FF734FC2142+3514994]
	(No symbol) [0x00007FF734BE0CE2]
	(No symbol) [0x00007FF734A876AA]
	(No symbol) [0x00007FF734AC17E2]
	(No symbol) [0x00007FF734AC0ADD]
	(No symbol) [0x00007FF734ABB9DF]
	(No symbol) [0x00007FF734AB7F52]
	(No symbol) [0x00007FF734B00AB4]
	(No symbol) [0x00007FF734AF5D93]
	(No symbol) [0x00007FF734AC4BDC]
	(No symbol) [0x00007FF734AC5C64]
	GetHandleVerifier [0x00007FF734FEE16B+3695259]
	GetHandleVerifier [0x00007FF735046737+4057191]
	GetHandleVerifier [0x00007FF73503E4E3+4023827]
	GetHandleVerifier [0x00007FF734D104F9+689705]
	(No symbol) [0x00007FF734BEC048]
	(No symbol) [0x00007FF734BE8044]
	(No symbol) [0x00007FF734BE81C9]
	(No symbol) [0x00007FF734BD88C4]
	BaseThreadInitThunk [0x00007FFD9E77257D+29]
	RtlUserThreadStart [0x00007FFDA048AA58+40]
" type="org.openqa.selenium.SessionNotCreatedException">
      <![CDATA[org.openqa.selenium.SessionNotCreatedException: session not created: This version of ChromeDriver only supports Chrome version 120
Current browser version is 122.0.6261.129 with binary path C:\Program Files\Google\Chrome\Application\chrome.exe
Build info: version: '3.141.59', revision: 'e82be7d358', time: '2018-11-14T08:17:03'
System info: host: 'DESKTOP-PPED12M', ip: '192.168.0.132', os.name: 'Windows 11', os.arch: 'amd64', os.version: '10.0', java.version: '17.0.9'
Driver info: driver.version: ChromeDriver
remote stacktrace: GetHandleVerifier [0x00007FF734FC2142+3514994]
(No symbol) [0x00007FF734BE0CE2]
(No symbol) [0x00007FF734A876AA]
(No symbol) [0x00007FF734AC17E2]
(No symbol) [0x00007FF734AC0ADD]
(No symbol) [0x00007FF734ABB9DF]
(No symbol) [0x00007FF734AB7F52]
(No symbol) [0x00007FF734B00AB4]
(No symbol) [0x00007FF734AF5D93]
(No symbol) [0x00007FF734AC4BDC]
(No symbol) [0x00007FF734AC5C64]
GetHandleVerifier [0x00007FF734FEE16B+3695259]
GetHandleVerifier [0x00007FF735046737+4057191]
GetHandleVerifier [0x00007FF73503E4E3+4023827]
GetHandleVerifier [0x00007FF734D104F9+689705]
(No symbol) [0x00007FF734BEC048]
(No symbol) [0x00007FF734BE8044]
(No symbol) [0x00007FF734BE81C9]
(No symbol) [0x00007FF734BD88C4]
BaseThreadInitThunk [0x00007FFD9E77257D+29]
RtlUserThreadStart [0x00007FFDA048AA58+40]

at java.base/jdk.internal.reflect.NativeConstructorAccessorImpl.newInstance0(Native Method)
at java.base/jdk.internal.reflect.NativeConstructorAccessorImpl.newInstance(NativeConstructorAccessorImpl.java:77)
at java.base/jdk.internal.reflect.DelegatingConstructorAccessorImpl.newInstance(DelegatingConstructorAccessorImpl.java:45)
at java.base/java.lang.reflect.Constructor.newInstanceWithCaller(Constructor.java:499)
at java.base/java.lang.reflect.Constructor.newInstance(Constructor.java:480)
at org.openqa.selenium.remote.W3CHandshakeResponse.lambda$errorHandler$0(W3CHandshakeResponse.java:62)
at org.openqa.selenium.remote.HandshakeResponse.lambda$getResponseFunction$0(HandshakeResponse.java:30)
at org.openqa.selenium.remote.ProtocolHandshake.lambda$createSession$0(ProtocolHandshake.java:126)
at java.base/java.util.stream.ReferencePipeline$3$1.accept(ReferencePipeline.java:197)
at java.base/java.util.Spliterators$ArraySpliterator.tryAdvance(Spliterators.java:1002)
at java.base/java.util.stream.ReferencePipeline.forEachWithCancel(ReferencePipeline.java:129)
at java.base/java.util.stream.AbstractPipeline.copyIntoWithCancel(AbstractPipeline.java:527)
at java.base/java.util.stream.AbstractPipeline.copyInto(AbstractPipeline.java:513)
at java.base/java.util.stream.AbstractPipeline.wrapAndCopyInto(AbstractPipeline.java:499)
at java.base/java.util.stream.FindOps$FindOp.evaluateSequential(FindOps.java:150)
at java.base/java.util.stream.AbstractPipeline.evaluate(AbstractPipeline.java:234)
at java.base/java.util.stream.ReferencePipeline.findFirst(ReferencePipeline.java:647)
at org.openqa.selenium.remote.ProtocolHandshake.createSession(ProtocolHandshake.java:128)
at org.openqa.selenium.remote.ProtocolHandshake.createSession(ProtocolHandshake.java:74)
at org.openqa.selenium.remote.HttpCommandExecutor.execute(HttpCommandExecutor.java:136)
at org.openqa.selenium.remote.service.DriverCommandExecutor.execute(DriverCommandExecutor.java:83)
at org.openqa.selenium.remote.RemoteWebDriver.execute(RemoteWebDriver.java:552)
at org.openqa.selenium.remote.RemoteWebDriver.startSession(RemoteWebDriver.java:213)
at org.openqa.selenium.remote.RemoteWebDriver.<init>(RemoteWebDriver.java:131)
at org.openqa.selenium.chrome.ChromeDriver.<init>(ChromeDriver.java:181)
at org.openqa.selenium.chrome.ChromeDriver.<init>(ChromeDriver.java:168)
at org.openqa.selenium.chrome.ChromeDriver.<init>(ChromeDriver.java:123)
at com.Rigbot_Genarics.BaseClass.openbrowser(BaseClass.java:42)
at java.base/jdk.internal.reflect.NativeMethodAccessorImpl.invoke0(Native Method)
at java.base/jdk.internal.reflect.NativeMethodAccessorImpl.invoke(NativeMethodAccessorImpl.java:77)
at java.base/jdk.internal.reflect.DelegatingMethodAccessorImpl.invoke(DelegatingMethodAccessorImpl.java:43)
at java.base/java.lang.reflect.Method.invoke(Method.java:568)
at org.testng.internal.MethodInvocationHelper.invokeMethod(MethodInvocationHelper.java:133)
at org.testng.internal.MethodInvocationHelper.invokeMethodConsideringTimeout(MethodInvocationHelper.java:62)
at org.testng.internal.ConfigInvoker.invokeConfigurationMethod(ConfigInvoker.java:385)
at org.testng.internal.ConfigInvoker.invokeConfigurations(ConfigInvoker.java:321)
at org.testng.internal.TestMethodWorker.invokeBeforeClassMethods(TestMethodWorker.java:176)
at org.testng.internal.TestMethodWorker.run(TestMethodWorker.java:122)
at java.base/java.util.ArrayList.forEach(ArrayList.java:1511)
at org.testng.TestRunner.privateRun(TestRunner.java:794)
at org.testng.TestRunner.run(TestRunner.java:596)
at org.testng.SuiteRunner.runTest(SuiteRunner.java:377)
at org.testng.SuiteRunner.runSequentially(SuiteRunner.java:371)
at org.testng.SuiteRunner.privateRun(SuiteRunner.java:332)
at org.testng.SuiteRunner.run(SuiteRunner.java:276)
at org.testng.SuiteRunnerWorker.runSuite(SuiteRunnerWorker.java:53)
at org.testng.SuiteRunnerWorker.run(SuiteRunnerWorker.java:96)
at org.testng.TestNG.runSuitesSequentially(TestNG.java:1212)
at org.testng.TestNG.runSuitesLocally(TestNG.java:1134)
at org.testng.TestNG.runSuites(TestNG.java:1063)
at org.testng.TestNG.run(TestNG.java:1031)
at org.testng.remote.AbstractRemoteTestNG.run(AbstractRemoteTestNG.java:115)
at org.testng.remote.RemoteTestNG.initAndRun(RemoteTestNG.java:251)
at org.testng.remote.RemoteTestNG.main(RemoteTestNG.java:77)
]]>
    </error>
  </testcase> <!-- openbrowser -->
  <system-out/>
  <testcase classname="com.Rigbot_Test_Scripts.Invoice.Create_Invoice" name="test_invoice" time="0.000">
    <skipped/>
  </testcase> <!-- test_invoice -->
  <system-out/>
</testsuite> <!-- com.Rigbot_Test_Scripts.Invoice.Create_Invoice -->
